  AnimatedSprite.cpp
C:\Program Files\Microsoft Visual Studio\2022\Enterprise\VC\Tools\MSVC\14.34.31933\include\xmemory(154,5): warning C4365: 'argument': conversion from 'long' to 'unsigned int', signed/unsigned mismatch
C:\Program Files\Microsoft Visual Studio\2022\Enterprise\VC\Tools\MSVC\14.34.31933\include\xmemory(164,5): warning C4365: 'argument': conversion from 'long' to 'unsigned int', signed/unsigned mismatch
C:\Program Files\Microsoft Visual Studio\2022\Enterprise\VC\Tools\MSVC\14.34.31933\include\atomic(93,9): warning C4365: 'argument': conversion from 'long' to 'unsigned int', signed/unsigned mismatch
C:\Program Files\Microsoft Visual Studio\2022\Enterprise\VC\Tools\MSVC\14.34.31933\include\atomic(300,9): warning C4365: 'argument': conversion from 'long' to 'unsigned int', signed/unsigned mismatch
C:\Program Files\Microsoft Visual Studio\2022\Enterprise\VC\Tools\MSVC\14.34.31933\include\atomic(316,9): warning C4365: 'argument': conversion from 'long' to 'unsigned int', signed/unsigned mismatch
C:\Users\mikai\OneDrive\Bureaublad\2022-2023\Semester2\00_PROG2\Assignment\Code Files\Engine\structs.h(14,1): warning C4820: 'Window': '7' bytes padding added after data member 'Window::isVSyncOn'
C:\Users\mikai\OneDrive\Bureaublad\2022-2023\Semester2\00_PROG2\Assignment\Code Files\Engine\Sprite.h(23,1): warning C4820: 'Sprite': '7' bytes padding added after data member 'Sprite::m_Flip'
C:\Program Files\Microsoft Visual Studio\2022\Enterprise\VC\Tools\MSVC\14.34.31933\include\xthreads.h(44,30): warning C5264: '_Mtx_internal_imp_alignment': 'const' variable is not used
C:\Program Files\Microsoft Visual Studio\2022\Enterprise\VC\Tools\MSVC\14.34.31933\include\xthreads.h(45,30): warning C5264: '_Cnd_internal_imp_size': 'const' variable is not used
C:\Users\mikai\OneDrive\Bureaublad\2022-2023\Semester2\00_PROG2\Assignment\Code Files\Engine\utils.h(7,14): warning C5264: 'utils::g_Pi': 'const' variable is not used
C:\Program Files\Microsoft Visual Studio\2022\Enterprise\VC\Tools\MSVC\14.34.31933\include\xthreads.h(43,30): warning C5264: '_Mtx_internal_imp_size': 'const' variable is not used
C:\Program Files\Microsoft Visual Studio\2022\Enterprise\VC\Tools\MSVC\14.34.31933\include\xthreads.h(46,30): warning C5264: '_Cnd_internal_imp_alignment': 'const' variable is not used
C:\Program Files\Microsoft Visual Studio\2022\Enterprise\VC\Tools\MSVC\14.34.31933\include\utility(127,39): warning C5264: 'std::allocator_arg': 'const' variable is not used
C:\Program Files\Microsoft Visual Studio\2022\Enterprise\VC\Tools\MSVC\14.34.31933\include\typeinfo(28,27): warning C5264: 'std::_Small_object_num_ptrs': 'const' variable is not used
C:\Program Files\Microsoft Visual Studio\2022\Enterprise\VC\Tools\MSVC\14.34.31933\include\system_error(44,28): warning C5264: 'std::is_error_code_enum_v<int>': 'const' variable is not used
C:\Program Files\Microsoft Visual Studio\2022\Enterprise\VC\Tools\MSVC\14.34.31933\include\system_error(44,28): warning C5264: 'std::is_error_code_enum_v<std::error_condition>': 'const' variable is not used
C:\Program Files\Microsoft Visual Studio\2022\Enterprise\VC\Tools\MSVC\14.34.31933\include\system_error(44,28): warning C5264: 'std::is_error_code_enum_v<std::error_code>': 'const' variable is not used
C:\Program Files\Microsoft Visual Studio\2022\Enterprise\VC\Tools\MSVC\14.34.31933\include\system_error(44,28): warning C5264: 'std::is_error_code_enum_v<std::system_error>': 'const' variable is not used
C:\Program Files\Microsoft Visual Studio\2022\Enterprise\VC\Tools\MSVC\14.34.31933\include\xtr1common(179,28): warning C5264: 'std::is_integral_v<double>': 'const' variable is not used
C:\Program Files\Microsoft Visual Studio\2022\Enterprise\VC\Tools\MSVC\14.34.31933\include\xutility(812,28): warning C5264: 'std::?$_Is_iterator_v@$RBAAB@$$Yvoid_t@std@@$std:?$iterator_traits@$RBAAB@:iterator_category:<char*,void>': 'const' variable is not used
C:\Program Files\Microsoft Visual Studio\2022\Enterprise\VC\Tools\MSVC\14.34.31933\include\xutility(812,28): warning C5264: 'std::?$_Is_iterator_v@$RBAAB@$$Yvoid_t@std@@$std:?$iterator_traits@$RBAAB@:iterator_category:<wchar_t*,void>': 'const' variable is not used
C:\Program Files\Microsoft Visual Studio\2022\Enterprise\VC\Tools\MSVC\14.34.31933\include\xtr1common(196,28): warning C5264: 'std::is_arithmetic_v<double>': 'const' variable is not used
C:\Program Files\Microsoft Visual Studio\2022\Enterprise\VC\Tools\MSVC\14.34.31933\include\type_traits(667,28): warning C5264: 'std::is_move_constructible_v<std::default_delete<std::_Facet_base>>': 'const' variable is not used
C:\Program Files\Microsoft Visual Studio\2022\Enterprise\VC\Tools\MSVC\14.34.31933\include\utility(114,45): warning C5264: 'std::piecewise_construct': 'const' variable is not used
C:\Program Files\Microsoft Visual Studio\2022\Enterprise\VC\Tools\MSVC\14.34.31933\include\limits(1197,16): warning C5264: 'std::_Is_standard_unsigned_integer<std::_Vbase>': 'const' variable is not used
  Avatar.cpp
C:\Program Files\Microsoft Visual Studio\2022\Enterprise\VC\Tools\MSVC\14.34.31933\include\xmemory(154,5): warning C4365: 'argument': conversion from 'long' to 'unsigned int', signed/unsigned mismatch
C:\Program Files\Microsoft Visual Studio\2022\Enterprise\VC\Tools\MSVC\14.34.31933\include\xmemory(164,5): warning C4365: 'argument': conversion from 'long' to 'unsigned int', signed/unsigned mismatch
C:\Program Files\Microsoft Visual Studio\2022\Enterprise\VC\Tools\MSVC\14.34.31933\include\atomic(93,9): warning C4365: 'argument': conversion from 'long' to 'unsigned int', signed/unsigned mismatch
C:\Program Files\Microsoft Visual Studio\2022\Enterprise\VC\Tools\MSVC\14.34.31933\include\atomic(300,9): warning C4365: 'argument': conversion from 'long' to 'unsigned int', signed/unsigned mismatch
C:\Program Files\Microsoft Visual Studio\2022\Enterprise\VC\Tools\MSVC\14.34.31933\include\atomic(316,9): warning C4365: 'argument': conversion from 'long' to 'unsigned int', signed/unsigned mismatch
C:\Users\mikai\OneDrive\Bureaublad\2022-2023\Semester2\00_PROG2\Assignment\Code Files\Engine\structs.h(14,1): warning C4820: 'Window': '7' bytes padding added after data member 'Window::isVSyncOn'
C:\Users\mikai\OneDrive\Bureaublad\2022-2023\Semester2\00_PROG2\Assignment\Code Files\Engine\myStructs.h(42,1): warning C4820: 'Anim': '3' bytes padding added after data member 'Anim::loop'
C:\Users\mikai\OneDrive\Bureaublad\2022-2023\Semester2\00_PROG2\Assignment\Code Files\Engine\Sprite.h(23,1): warning C4820: 'Sprite': '7' bytes padding added after data member 'Sprite::m_Flip'
C:\Users\mikai\OneDrive\Bureaublad\2022-2023\Semester2\00_PROG2\Assignment\Code Files\Engine\Avatar.h(24,1): warning C4820: 'Avatar': '4' bytes padding added after data member 'Avatar::m_AccumTime'
C:\Program Files (x86)\Windows Kits\10\Include\10.0.19041.0\um\winbase.h(7679,48): warning C5039: 'TpSetCallbackCleanupGroup': pointer or reference to potentially throwing function passed to 'extern "C"' function under -EHc. Undefined behavior may occur if this function throws an exception.
C:\Users\mikai\OneDrive\Bureaublad\2022-2023\Semester2\00_PROG2\Assignment\Code Files\Engine\Avatar.cpp(14,50): warning C4365: 'argument': conversion from 'int' to 'const unsigned __int64', signed/unsigned mismatch
C:\Users\mikai\OneDrive\Bureaublad\2022-2023\Semester2\00_PROG2\Assignment\Code Files\Engine\Avatar.cpp(55,33): warning C4365: 'argument': conversion from 'int' to 'const unsigned __int64', signed/unsigned mismatch
C:\Program Files\Microsoft Visual Studio\2022\Enterprise\VC\Tools\MSVC\14.34.31933\include\xthreads.h(44,30): warning C5264: '_Mtx_internal_imp_alignment': 'const' variable is not used
C:\Program Files\Microsoft Visual Studio\2022\Enterprise\VC\Tools\MSVC\14.34.31933\include\xthreads.h(45,30): warning C5264: '_Cnd_internal_imp_size': 'const' variable is not used
C:\Users\mikai\OneDrive\Bureaublad\2022-2023\Semester2\00_PROG2\Assignment\Code Files\Engine\utils.h(7,14): warning C5264: 'utils::g_Pi': 'const' variable is not used
C:\Program Files\Microsoft Visual Studio\2022\Enterprise\VC\Tools\MSVC\14.34.31933\include\xthreads.h(43,30): warning C5264: '_Mtx_internal_imp_size': 'const' variable is not used
C:\Program Files\Microsoft Visual Studio\2022\Enterprise\VC\Tools\MSVC\14.34.31933\include\xthreads.h(46,30): warning C5264: '_Cnd_internal_imp_alignment': 'const' variable is not used
C:\Program Files\Microsoft Visual Studio\2022\Enterprise\VC\Tools\MSVC\14.34.31933\include\utility(127,39): warning C5264: 'std::allocator_arg': 'const' variable is not used
C:\Program Files\Microsoft Visual Studio\2022\Enterprise\VC\Tools\MSVC\14.34.31933\include\typeinfo(28,27): warning C5264: 'std::_Small_object_num_ptrs': 'const' variable is not used
C:\Program Files\Microsoft Visual Studio\2022\Enterprise\VC\Tools\MSVC\14.34.31933\include\system_error(44,28): warning C5264: 'std::is_error_code_enum_v<int>': 'const' variable is not used
C:\Program Files\Microsoft Visual Studio\2022\Enterprise\VC\Tools\MSVC\14.34.31933\include\system_error(44,28): warning C5264: 'std::is_error_code_enum_v<std::error_condition>': 'const' variable is not used
C:\Program Files\Microsoft Visual Studio\2022\Enterprise\VC\Tools\MSVC\14.34.31933\include\system_error(44,28): warning C5264: 'std::is_error_code_enum_v<std::error_code>': 'const' variable is not used
C:\Program Files\Microsoft Visual Studio\2022\Enterprise\VC\Tools\MSVC\14.34.31933\include\system_error(44,28): warning C5264: 'std::is_error_code_enum_v<std::system_error>': 'const' variable is not used
C:\Program Files\Microsoft Visual Studio\2022\Enterprise\VC\Tools\MSVC\14.34.31933\include\xtr1common(179,28): warning C5264: 'std::is_integral_v<double>': 'const' variable is not used
C:\Program Files\Microsoft Visual Studio\2022\Enterprise\VC\Tools\MSVC\14.34.31933\include\xutility(812,28): warning C5264: 'std::?$_Is_iterator_v@$RBAAB@$$Yvoid_t@std@@$std:?$iterator_traits@$RBAAB@:iterator_category:<char*,void>': 'const' variable is not used
C:\Program Files\Microsoft Visual Studio\2022\Enterprise\VC\Tools\MSVC\14.34.31933\include\xutility(812,28): warning C5264: 'std::?$_Is_iterator_v@$RBAAB@$$Yvoid_t@std@@$std:?$iterator_traits@$RBAAB@:iterator_category:<wchar_t*,void>': 'const' variable is not used
C:\Program Files\Microsoft Visual Studio\2022\Enterprise\VC\Tools\MSVC\14.34.31933\include\xtr1common(196,28): warning C5264: 'std::is_arithmetic_v<double>': 'const' variable is not used
C:\Program Files\Microsoft Visual Studio\2022\Enterprise\VC\Tools\MSVC\14.34.31933\include\type_traits(667,28): warning C5264: 'std::is_move_constructible_v<std::default_delete<std::_Facet_base>>': 'const' variable is not used
C:\Program Files\Microsoft Visual Studio\2022\Enterprise\VC\Tools\MSVC\14.34.31933\include\utility(114,45): warning C5264: 'std::piecewise_construct': 'const' variable is not used
C:\Program Files\Microsoft Visual Studio\2022\Enterprise\VC\Tools\MSVC\14.34.31933\include\limits(1197,16): warning C5264: 'std::_Is_standard_unsigned_integer<std::_Vbase>': 'const' variable is not used
  BaseGame.cpp
C:\Program Files (x86)\Windows Kits\10\Include\10.0.19041.0\um\winbase.h(7679,48): warning C5039: 'TpSetCallbackCleanupGroup': pointer or reference to potentially throwing function passed to 'extern "C"' function under -EHc. Undefined behavior may occur if this function throws an exception.
C:\Program Files\Microsoft Visual Studio\2022\Enterprise\VC\Tools\MSVC\14.34.31933\include\xmemory(154,5): warning C4365: 'argument': conversion from 'long' to 'unsigned int', signed/unsigned mismatch
C:\Program Files\Microsoft Visual Studio\2022\Enterprise\VC\Tools\MSVC\14.34.31933\include\xmemory(164,5): warning C4365: 'argument': conversion from 'long' to 'unsigned int', signed/unsigned mismatch
C:\Program Files\Microsoft Visual Studio\2022\Enterprise\VC\Tools\MSVC\14.34.31933\include\atomic(93,9): warning C4365: 'argument': conversion from 'long' to 'unsigned int', signed/unsigned mismatch
C:\Program Files\Microsoft Visual Studio\2022\Enterprise\VC\Tools\MSVC\14.34.31933\include\atomic(300,9): warning C4365: 'argument': conversion from 'long' to 'unsigned int', signed/unsigned mismatch
C:\Program Files\Microsoft Visual Studio\2022\Enterprise\VC\Tools\MSVC\14.34.31933\include\atomic(316,9): warning C4365: 'argument': conversion from 'long' to 'unsigned int', signed/unsigned mismatch
C:\Users\mikai\OneDrive\Bureaublad\2022-2023\Semester2\00_PROG2\Assignment\Code Files\Engine\BaseGame.h(19,28): warning C4100: 'elapsedSec': unreferenced formal parameter
C:\Users\mikai\OneDrive\Bureaublad\2022-2023\Semester2\00_PROG2\Assignment\Code Files\Engine\BaseGame.h(29,60): warning C4100: 'e': unreferenced formal parameter
C:\Users\mikai\OneDrive\Bureaublad\2022-2023\Semester2\00_PROG2\Assignment\Code Files\Engine\BaseGame.h(33,58): warning C4100: 'e': unreferenced formal parameter
C:\Users\mikai\OneDrive\Bureaublad\2022-2023\Semester2\00_PROG2\Assignment\Code Files\Engine\BaseGame.h(37,67): warning C4100: 'e': unreferenced formal parameter
C:\Users\mikai\OneDrive\Bureaublad\2022-2023\Semester2\00_PROG2\Assignment\Code Files\Engine\BaseGame.h(41,65): warning C4100: 'e': unreferenced formal parameter
C:\Users\mikai\OneDrive\Bureaublad\2022-2023\Semester2\00_PROG2\Assignment\Code Files\Engine\BaseGame.h(45,63): warning C4100: 'e': unreferenced formal parameter
C:\Program Files\Microsoft Visual Studio\2022\Enterprise\VC\Tools\MSVC\14.34.31933\include\xthreads.h(44,30): warning C5264: '_Mtx_internal_imp_alignment': 'const' variable is not used
C:\Program Files\Microsoft Visual Studio\2022\Enterprise\VC\Tools\MSVC\14.34.31933\include\xthreads.h(45,30): warning C5264: '_Cnd_internal_imp_size': 'const' variable is not used
C:\Program Files\Microsoft Visual Studio\2022\Enterprise\VC\Tools\MSVC\14.34.31933\include\xthreads.h(43,30): warning C5264: '_Mtx_internal_imp_size': 'const' variable is not used
C:\Program Files\Microsoft Visual Studio\2022\Enterprise\VC\Tools\MSVC\14.34.31933\include\xthreads.h(46,30): warning C5264: '_Cnd_internal_imp_alignment': 'const' variable is not used
C:\Program Files\Microsoft Visual Studio\2022\Enterprise\VC\Tools\MSVC\14.34.31933\include\utility(127,39): warning C5264: 'std::allocator_arg': 'const' variable is not used
C:\Program Files\Microsoft Visual Studio\2022\Enterprise\VC\Tools\MSVC\14.34.31933\include\__msvc_chrono.hpp(75,32): warning C5264: 'std::chrono::_Is_duration_v<std::chrono::seconds>': 'const' variable is not used
C:\Program Files\Microsoft Visual Studio\2022\Enterprise\VC\Tools\MSVC\14.34.31933\include\__msvc_chrono.hpp(75,32): warning C5264: 'std::chrono::_Is_duration_v<std::chrono::duration<double,std::ratio<1,1>>>': 'const' variable is not used
C:\Program Files\Microsoft Visual Studio\2022\Enterprise\VC\Tools\MSVC\14.34.31933\include\__msvc_chrono.hpp(75,32): warning C5264: 'std::chrono::_Is_duration_v<std::chrono::duration<float,std::ratio<1,1>>>': 'const' variable is not used
C:\Program Files\Microsoft Visual Studio\2022\Enterprise\VC\Tools\MSVC\14.34.31933\include\__msvc_chrono.hpp(35,32): warning C5264: 'std::chrono::treat_as_floating_point_v<long double>': 'const' variable is not used
C:\Program Files\Microsoft Visual Studio\2022\Enterprise\VC\Tools\MSVC\14.34.31933\include\__msvc_chrono.hpp(35,32): warning C5264: 'std::chrono::treat_as_floating_point_v<unsigned __int64>': 'const' variable is not used
C:\Program Files\Microsoft Visual Studio\2022\Enterprise\VC\Tools\MSVC\14.34.31933\include\__msvc_chrono.hpp(35,32): warning C5264: 'std::chrono::treat_as_floating_point_v<std::chrono::duration<__int64,std::nano>>': 'const' variable is not used
C:\Program Files\Microsoft Visual Studio\2022\Enterprise\VC\Tools\MSVC\14.34.31933\include\__msvc_chrono.hpp(35,32): warning C5264: 'std::chrono::treat_as_floating_point_v<std::chrono::duration<int,std::ratio<3600,1>>>': 'const' variable is not used
C:\Program Files\Microsoft Visual Studio\2022\Enterprise\VC\Tools\MSVC\14.34.31933\include\typeinfo(28,27): warning C5264: 'std::_Small_object_num_ptrs': 'const' variable is not used
C:\Program Files\Microsoft Visual Studio\2022\Enterprise\VC\Tools\MSVC\14.34.31933\include\system_error(44,28): warning C5264: 'std::is_error_code_enum_v<int>': 'const' variable is not used
C:\Program Files\Microsoft Visual Studio\2022\Enterprise\VC\Tools\MSVC\14.34.31933\include\system_error(44,28): warning C5264: 'std::is_error_code_enum_v<const char*>': 'const' variable is not used
C:\Program Files\Microsoft Visual Studio\2022\Enterprise\VC\Tools\MSVC\14.34.31933\include\system_error(44,28): warning C5264: 'std::is_error_code_enum_v<std::error_condition>': 'const' variable is not used
C:\Program Files\Microsoft Visual Studio\2022\Enterprise\VC\Tools\MSVC\14.34.31933\include\system_error(44,28): warning C5264: 'std::is_error_code_enum_v<std::error_code>': 'const' variable is not used
C:\Program Files\Microsoft Visual Studio\2022\Enterprise\VC\Tools\MSVC\14.34.31933\include\system_error(44,28): warning C5264: 'std::is_error_code_enum_v<std::system_error>': 'const' variable is not used
C:\Program Files\Microsoft Visual Studio\2022\Enterprise\VC\Tools\MSVC\14.34.31933\include\xtr1common(179,28): warning C5264: 'std::is_integral_v<double>': 'const' variable is not used
C:\Program Files\Microsoft Visual Studio\2022\Enterprise\VC\Tools\MSVC\14.34.31933\include\xutility(812,28): warning C5264: 'std::?$_Is_iterator_v@$RBAAB@$$Yvoid_t@std@@$std:?$iterator_traits@$RBAAB@:iterator_category:<char*,void>': 'const' variable is not used
C:\Program Files\Microsoft Visual Studio\2022\Enterprise\VC\Tools\MSVC\14.34.31933\include\xutility(812,28): warning C5264: 'std::?$_Is_iterator_v@$RBAAB@$$Yvoid_t@std@@$std:?$iterator_traits@$RBAAB@:iterator_category:<wchar_t*,void>': 'const' variable is not used
C:\Program Files\Microsoft Visual Studio\2022\Enterprise\VC\Tools\MSVC\14.34.31933\include\type_traits(339,28): warning C5264: 'std::is_convertible_v<const __int64&,std::chrono::system_clock::rep>': 'const' variable is not used
C:\Program Files\Microsoft Visual Studio\2022\Enterprise\VC\Tools\MSVC\14.34.31933\include\type_traits(339,28): warning C5264: 'std::is_convertible_v<const int&,int>': 'const' variable is not used
C:\Program Files\Microsoft Visual Studio\2022\Enterprise\VC\Tools\MSVC\14.34.31933\include\type_traits(339,28): warning C5264: 'std::is_convertible_v<const std::chrono::duration<int,std::ratio<3600,1>>&,__int64>': 'const' variable is not used
C:\Program Files\Microsoft Visual Studio\2022\Enterprise\VC\Tools\MSVC\14.34.31933\include\type_traits(339,28): warning C5264: 'std::is_convertible_v<const std::chrono::duration<__int64,std::nano>&,double>': 'const' variable is not used
C:\Program Files\Microsoft Visual Studio\2022\Enterprise\VC\Tools\MSVC\14.34.31933\include\type_traits(339,28): warning C5264: 'std::is_convertible_v<const _ToRep&,double>': 'const' variable is not used
C:\Program Files\Microsoft Visual Studio\2022\Enterprise\VC\Tools\MSVC\14.34.31933\include\type_traits(339,28): warning C5264: 'std::is_convertible_v<const unsigned __int64&,int>': 'const' variable is not used
C:\Program Files\Microsoft Visual Studio\2022\Enterprise\VC\Tools\MSVC\14.34.31933\include\type_traits(339,28): warning C5264: 'std::is_convertible_v<const long double&,double>': 'const' variable is not used
C:\Program Files\Microsoft Visual Studio\2022\Enterprise\VC\Tools\MSVC\14.34.31933\include\type_traits(339,28): warning C5264: 'std::is_convertible_v<const unsigned __int64&,__int64>': 'const' variable is not used
C:\Program Files\Microsoft Visual Studio\2022\Enterprise\VC\Tools\MSVC\14.34.31933\include\type_traits(339,28): warning C5264: 'std::is_convertible_v<const std::chrono::duration<__int64,std::nano>&,float>': 'const' variable is not used
C:\Program Files\Microsoft Visual Studio\2022\Enterprise\VC\Tools\MSVC\14.34.31933\include\type_traits(339,28): warning C5264: 'std::is_convertible_v<const _ToRep&,float>': 'const' variable is not used
C:\Program Files\Microsoft Visual Studio\2022\Enterprise\VC\Tools\MSVC\14.34.31933\include\type_traits(667,28): warning C5264: 'std::is_move_constructible_v<std::default_delete<std::_Facet_base>>': 'const' variable is not used
C:\Program Files\Microsoft Visual Studio\2022\Enterprise\VC\Tools\MSVC\14.34.31933\include\utility(114,45): warning C5264: 'std::piecewise_construct': 'const' variable is not used
  Matrix2x3.cpp
C:\Program Files (x86)\Windows Kits\10\Include\10.0.19041.0\um\winbase.h(7679,48): warning C5039: 'TpSetCallbackCleanupGroup': pointer or reference to potentially throwing function passed to 'extern "C"' function under -EHc. Undefined behavior may occur if this function throws an exception.
C:\Program Files\Microsoft Visual Studio\2022\Enterprise\VC\Tools\MSVC\14.34.31933\include\xmemory(154,5): warning C4365: 'argument': conversion from 'long' to 'unsigned int', signed/unsigned mismatch
C:\Program Files\Microsoft Visual Studio\2022\Enterprise\VC\Tools\MSVC\14.34.31933\include\xmemory(164,5): warning C4365: 'argument': conversion from 'long' to 'unsigned int', signed/unsigned mismatch
C:\Program Files\Microsoft Visual Studio\2022\Enterprise\VC\Tools\MSVC\14.34.31933\include\atomic(93,9): warning C4365: 'argument': conversion from 'long' to 'unsigned int', signed/unsigned mismatch
C:\Program Files\Microsoft Visual Studio\2022\Enterprise\VC\Tools\MSVC\14.34.31933\include\atomic(300,9): warning C4365: 'argument': conversion from 'long' to 'unsigned int', signed/unsigned mismatch
C:\Program Files\Microsoft Visual Studio\2022\Enterprise\VC\Tools\MSVC\14.34.31933\include\atomic(316,9): warning C4365: 'argument': conversion from 'long' to 'unsigned int', signed/unsigned mismatch
C:\Program Files\Microsoft Visual Studio\2022\Enterprise\VC\Tools\MSVC\14.34.31933\include\xthreads.h(44,30): warning C5264: '_Mtx_internal_imp_alignment': 'const' variable is not used
C:\Program Files\Microsoft Visual Studio\2022\Enterprise\VC\Tools\MSVC\14.34.31933\include\xthreads.h(45,30): warning C5264: '_Cnd_internal_imp_size': 'const' variable is not used
C:\Program Files\Microsoft Visual Studio\2022\Enterprise\VC\Tools\MSVC\14.34.31933\include\xthreads.h(43,30): warning C5264: '_Mtx_internal_imp_size': 'const' variable is not used
C:\Program Files\Microsoft Visual Studio\2022\Enterprise\VC\Tools\MSVC\14.34.31933\include\xthreads.h(46,30): warning C5264: '_Cnd_internal_imp_alignment': 'const' variable is not used
C:\Program Files\Microsoft Visual Studio\2022\Enterprise\VC\Tools\MSVC\14.34.31933\include\utility(127,39): warning C5264: 'std::allocator_arg': 'const' variable is not used
C:\Program Files\Microsoft Visual Studio\2022\Enterprise\VC\Tools\MSVC\14.34.31933\include\typeinfo(28,27): warning C5264: 'std::_Small_object_num_ptrs': 'const' variable is not used
C:\Program Files\Microsoft Visual Studio\2022\Enterprise\VC\Tools\MSVC\14.34.31933\include\system_error(44,28): warning C5264: 'std::is_error_code_enum_v<int>': 'const' variable is not used
C:\Program Files\Microsoft Visual Studio\2022\Enterprise\VC\Tools\MSVC\14.34.31933\include\system_error(44,28): warning C5264: 'std::is_error_code_enum_v<std::string>': 'const' variable is not used
C:\Program Files\Microsoft Visual Studio\2022\Enterprise\VC\Tools\MSVC\14.34.31933\include\system_error(44,28): warning C5264: 'std::is_error_code_enum_v<std::error_condition>': 'const' variable is not used
C:\Program Files\Microsoft Visual Studio\2022\Enterprise\VC\Tools\MSVC\14.34.31933\include\system_error(44,28): warning C5264: 'std::is_error_code_enum_v<std::error_code>': 'const' variable is not used
C:\Program Files\Microsoft Visual Studio\2022\Enterprise\VC\Tools\MSVC\14.34.31933\include\system_error(44,28): warning C5264: 'std::is_error_code_enum_v<std::system_error>': 'const' variable is not used
C:\Program Files\Microsoft Visual Studio\2022\Enterprise\VC\Tools\MSVC\14.34.31933\include\xtr1common(179,28): warning C5264: 'std::is_integral_v<double>': 'const' variable is not used
C:\Program Files\Microsoft Visual Studio\2022\Enterprise\VC\Tools\MSVC\14.34.31933\include\xtr1common(179,28): warning C5264: 'std::is_integral_v<float>': 'const' variable is not used
C:\Program Files\Microsoft Visual Studio\2022\Enterprise\VC\Tools\MSVC\14.34.31933\include\xutility(812,28): warning C5264: 'std::?$_Is_iterator_v@$RBAAB@$$Yvoid_t@std@@$std:?$iterator_traits@$RBAAB@:iterator_category:<char*,void>': 'const' variable is not used
C:\Program Files\Microsoft Visual Studio\2022\Enterprise\VC\Tools\MSVC\14.34.31933\include\xutility(812,28): warning C5264: 'std::?$_Is_iterator_v@$RBAAB@$$Yvoid_t@std@@$std:?$iterator_traits@$RBAAB@:iterator_category:<wchar_t*,void>': 'const' variable is not used
C:\Program Files\Microsoft Visual Studio\2022\Enterprise\VC\Tools\MSVC\14.34.31933\include\xtr1common(196,28): warning C5264: 'std::is_arithmetic_v<double>': 'const' variable is not used
C:\Program Files\Microsoft Visual Studio\2022\Enterprise\VC\Tools\MSVC\14.34.31933\include\xtr1common(196,28): warning C5264: 'std::is_arithmetic_v<float>': 'const' variable is not used
C:\Program Files\Microsoft Visual Studio\2022\Enterprise\VC\Tools\MSVC\14.34.31933\include\type_traits(667,28): warning C5264: 'std::is_move_constructible_v<std::default_delete<std::_Facet_base>>': 'const' variable is not used
C:\Program Files\Microsoft Visual Studio\2022\Enterprise\VC\Tools\MSVC\14.34.31933\include\utility(114,45): warning C5264: 'std::piecewise_construct': 'const' variable is not used
C:\Program Files\Microsoft Visual Studio\2022\Enterprise\VC\Tools\MSVC\14.34.31933\include\limits(1197,16): warning C5264: 'std::_Is_standard_unsigned_integer<std::_Vbase>': 'const' variable is not used
  RigidBody.cpp
C:\Program Files\Microsoft Visual Studio\2022\Enterprise\VC\Tools\MSVC\14.34.31933\include\xmemory(154,5): warning C4365: 'argument': conversion from 'long' to 'unsigned int', signed/unsigned mismatch
C:\Program Files\Microsoft Visual Studio\2022\Enterprise\VC\Tools\MSVC\14.34.31933\include\xmemory(164,5): warning C4365: 'argument': conversion from 'long' to 'unsigned int', signed/unsigned mismatch
C:\Program Files\Microsoft Visual Studio\2022\Enterprise\VC\Tools\MSVC\14.34.31933\include\atomic(93,9): warning C4365: 'argument': conversion from 'long' to 'unsigned int', signed/unsigned mismatch
C:\Program Files\Microsoft Visual Studio\2022\Enterprise\VC\Tools\MSVC\14.34.31933\include\atomic(300,9): warning C4365: 'argument': conversion from 'long' to 'unsigned int', signed/unsigned mismatch
C:\Program Files\Microsoft Visual Studio\2022\Enterprise\VC\Tools\MSVC\14.34.31933\include\atomic(316,9): warning C4365: 'argument': conversion from 'long' to 'unsigned int', signed/unsigned mismatch
C:\Users\mikai\OneDrive\Bureaublad\2022-2023\Semester2\00_PROG2\Assignment\Code Files\Engine\structs.h(14,1): warning C4820: 'Window': '7' bytes padding added after data member 'Window::isVSyncOn'
C:\Users\mikai\OneDrive\Bureaublad\2022-2023\Semester2\00_PROG2\Assignment\Code Files\Engine\RigidBody.h(36,17): warning C4820: 'RigidBody': '2' bytes padding added after data member 'RigidBody::m_IsGrounded'
C:\Users\mikai\OneDrive\Bureaublad\2022-2023\Semester2\00_PROG2\Assignment\Code Files\Engine\RigidBody.h(37,1): warning C4820: 'RigidBody': '4' bytes padding added after data member 'RigidBody::m_HitInfo'
C:\Users\mikai\OneDrive\Bureaublad\2022-2023\Semester2\00_PROG2\Assignment\Code Files\Engine\RigidBody.cpp(12,4): warning C5038: data member 'RigidBody::m_Pivot' will be initialized after data member 'RigidBody::m_Width'
C:\Users\mikai\OneDrive\Bureaublad\2022-2023\Semester2\00_PROG2\Assignment\Code Files\Engine\RigidBody.cpp(18,4): warning C5038: data member 'RigidBody::m_HitInfo' will be initialized after data member 'RigidBody::m_IsGrounded'
C:\Program Files\Microsoft Visual Studio\2022\Enterprise\VC\Tools\MSVC\14.34.31933\include\xthreads.h(44,30): warning C5264: '_Mtx_internal_imp_alignment': 'const' variable is not used
C:\Program Files\Microsoft Visual Studio\2022\Enterprise\VC\Tools\MSVC\14.34.31933\include\xthreads.h(45,30): warning C5264: '_Cnd_internal_imp_size': 'const' variable is not used
C:\Users\mikai\OneDrive\Bureaublad\2022-2023\Semester2\00_PROG2\Assignment\Code Files\Engine\utils.h(7,14): warning C5264: 'utils::g_Pi': 'const' variable is not used
C:\Program Files\Microsoft Visual Studio\2022\Enterprise\VC\Tools\MSVC\14.34.31933\include\xthreads.h(43,30): warning C5264: '_Mtx_internal_imp_size': 'const' variable is not used
C:\Program Files\Microsoft Visual Studio\2022\Enterprise\VC\Tools\MSVC\14.34.31933\include\xthreads.h(46,30): warning C5264: '_Cnd_internal_imp_alignment': 'const' variable is not used
C:\Program Files\Microsoft Visual Studio\2022\Enterprise\VC\Tools\MSVC\14.34.31933\include\utility(127,39): warning C5264: 'std::allocator_arg': 'const' variable is not used
C:\Program Files\Microsoft Visual Studio\2022\Enterprise\VC\Tools\MSVC\14.34.31933\include\typeinfo(28,27): warning C5264: 'std::_Small_object_num_ptrs': 'const' variable is not used
C:\Program Files\Microsoft Visual Studio\2022\Enterprise\VC\Tools\MSVC\14.34.31933\include\system_error(44,28): warning C5264: 'std::is_error_code_enum_v<int>': 'const' variable is not used
C:\Program Files\Microsoft Visual Studio\2022\Enterprise\VC\Tools\MSVC\14.34.31933\include\system_error(44,28): warning C5264: 'std::is_error_code_enum_v<std::error_condition>': 'const' variable is not used
C:\Program Files\Microsoft Visual Studio\2022\Enterprise\VC\Tools\MSVC\14.34.31933\include\system_error(44,28): warning C5264: 'std::is_error_code_enum_v<std::error_code>': 'const' variable is not used
C:\Program Files\Microsoft Visual Studio\2022\Enterprise\VC\Tools\MSVC\14.34.31933\include\system_error(44,28): warning C5264: 'std::is_error_code_enum_v<std::system_error>': 'const' variable is not used
C:\Program Files\Microsoft Visual Studio\2022\Enterprise\VC\Tools\MSVC\14.34.31933\include\xtr1common(179,28): warning C5264: 'std::is_integral_v<double>': 'const' variable is not used
C:\Program Files\Microsoft Visual Studio\2022\Enterprise\VC\Tools\MSVC\14.34.31933\include\xutility(812,28): warning C5264: 'std::?$_Is_iterator_v@$RBAAB@$$Yvoid_t@std@@$std:?$iterator_traits@$RBAAB@:iterator_category:<char*,void>': 'const' variable is not used
C:\Program Files\Microsoft Visual Studio\2022\Enterprise\VC\Tools\MSVC\14.34.31933\include\xutility(812,28): warning C5264: 'std::?$_Is_iterator_v@$RBAAB@$$Yvoid_t@std@@$std:?$iterator_traits@$RBAAB@:iterator_category:<wchar_t*,void>': 'const' variable is not used
C:\Program Files\Microsoft Visual Studio\2022\Enterprise\VC\Tools\MSVC\14.34.31933\include\xtr1common(196,28): warning C5264: 'std::is_arithmetic_v<double>': 'const' variable is not used
C:\Program Files\Microsoft Visual Studio\2022\Enterprise\VC\Tools\MSVC\14.34.31933\include\type_traits(667,28): warning C5264: 'std::is_move_constructible_v<std::default_delete<std::_Facet_base>>': 'const' variable is not used
C:\Program Files\Microsoft Visual Studio\2022\Enterprise\VC\Tools\MSVC\14.34.31933\include\utility(114,45): warning C5264: 'std::piecewise_construct': 'const' variable is not used
C:\Program Files\Microsoft Visual Studio\2022\Enterprise\VC\Tools\MSVC\14.34.31933\include\limits(1197,16): warning C5264: 'std::_Is_standard_unsigned_integer<std::_Vbase>': 'const' variable is not used
  SVGParser.cpp
C:\Program Files (x86)\Windows Kits\10\Include\10.0.19041.0\um\winbase.h(7679,48): warning C5039: 'TpSetCallbackCleanupGroup': pointer or reference to potentially throwing function passed to 'extern "C"' function under -EHc. Undefined behavior may occur if this function throws an exception.
C:\Program Files\Microsoft Visual Studio\2022\Enterprise\VC\Tools\MSVC\14.34.31933\include\xmemory(154,5): warning C4365: 'argument': conversion from 'long' to 'unsigned int', signed/unsigned mismatch
C:\Program Files\Microsoft Visual Studio\2022\Enterprise\VC\Tools\MSVC\14.34.31933\include\xmemory(164,5): warning C4365: 'argument': conversion from 'long' to 'unsigned int', signed/unsigned mismatch
C:\Program Files\Microsoft Visual Studio\2022\Enterprise\VC\Tools\MSVC\14.34.31933\include\atomic(93,9): warning C4365: 'argument': conversion from 'long' to 'unsigned int', signed/unsigned mismatch
C:\Program Files\Microsoft Visual Studio\2022\Enterprise\VC\Tools\MSVC\14.34.31933\include\atomic(300,9): warning C4365: 'argument': conversion from 'long' to 'unsigned int', signed/unsigned mismatch
C:\Program Files\Microsoft Visual Studio\2022\Enterprise\VC\Tools\MSVC\14.34.31933\include\atomic(316,9): warning C4365: 'argument': conversion from 'long' to 'unsigned int', signed/unsigned mismatch
C:\Program Files\Microsoft Visual Studio\2022\Enterprise\VC\Tools\MSVC\14.34.31933\include\xthreads.h(44,30): warning C5264: '_Mtx_internal_imp_alignment': 'const' variable is not used
C:\Program Files\Microsoft Visual Studio\2022\Enterprise\VC\Tools\MSVC\14.34.31933\include\xthreads.h(45,30): warning C5264: '_Cnd_internal_imp_size': 'const' variable is not used
C:\Program Files\Microsoft Visual Studio\2022\Enterprise\VC\Tools\MSVC\14.34.31933\include\xthreads.h(43,30): warning C5264: '_Mtx_internal_imp_size': 'const' variable is not used
C:\Program Files\Microsoft Visual Studio\2022\Enterprise\VC\Tools\MSVC\14.34.31933\include\xthreads.h(46,30): warning C5264: '_Cnd_internal_imp_alignment': 'const' variable is not used
C:\Program Files\Microsoft Visual Studio\2022\Enterprise\VC\Tools\MSVC\14.34.31933\include\utility(127,39): warning C5264: 'std::allocator_arg': 'const' variable is not used
C:\Program Files\Microsoft Visual Studio\2022\Enterprise\VC\Tools\MSVC\14.34.31933\include\typeinfo(28,27): warning C5264: 'std::_Small_object_num_ptrs': 'const' variable is not used
C:\Program Files\Microsoft Visual Studio\2022\Enterprise\VC\Tools\MSVC\14.34.31933\include\system_error(44,28): warning C5264: 'std::is_error_code_enum_v<int>': 'const' variable is not used
C:\Program Files\Microsoft Visual Studio\2022\Enterprise\VC\Tools\MSVC\14.34.31933\include\system_error(44,28): warning C5264: 'std::is_error_code_enum_v<const char*>': 'const' variable is not used
C:\Program Files\Microsoft Visual Studio\2022\Enterprise\VC\Tools\MSVC\14.34.31933\include\system_error(44,28): warning C5264: 'std::is_error_code_enum_v<char>': 'const' variable is not used
C:\Program Files\Microsoft Visual Studio\2022\Enterprise\VC\Tools\MSVC\14.34.31933\include\system_error(44,28): warning C5264: 'std::is_error_code_enum_v<std::string>': 'const' variable is not used
C:\Program Files\Microsoft Visual Studio\2022\Enterprise\VC\Tools\MSVC\14.34.31933\include\system_error(44,28): warning C5264: 'std::is_error_code_enum_v<std::error_condition>': 'const' variable is not used
C:\Program Files\Microsoft Visual Studio\2022\Enterprise\VC\Tools\MSVC\14.34.31933\include\system_error(44,28): warning C5264: 'std::is_error_code_enum_v<std::error_code>': 'const' variable is not used
C:\Program Files\Microsoft Visual Studio\2022\Enterprise\VC\Tools\MSVC\14.34.31933\include\system_error(44,28): warning C5264: 'std::is_error_code_enum_v<std::system_error>': 'const' variable is not used
C:\Program Files\Microsoft Visual Studio\2022\Enterprise\VC\Tools\MSVC\14.34.31933\include\xtr1common(179,28): warning C5264: 'std::is_integral_v<double>': 'const' variable is not used
C:\Program Files\Microsoft Visual Studio\2022\Enterprise\VC\Tools\MSVC\14.34.31933\include\xutility(812,28): warning C5264: 'std::?$_Is_iterator_v@$RBAAB@$$Yvoid_t@std@@$std:?$iterator_traits@$RBAAB@:iterator_category:<char*,void>': 'const' variable is not used
C:\Program Files\Microsoft Visual Studio\2022\Enterprise\VC\Tools\MSVC\14.34.31933\include\xutility(812,28): warning C5264: 'std::?$_Is_iterator_v@$RBAAB@$$Yvoid_t@std@@$std:?$iterator_traits@$RBAAB@:iterator_category:<wchar_t*,void>': 'const' variable is not used
C:\Program Files\Microsoft Visual Studio\2022\Enterprise\VC\Tools\MSVC\14.34.31933\include\xtr1common(196,28): warning C5264: 'std::is_arithmetic_v<double>': 'const' variable is not used
C:\Program Files\Microsoft Visual Studio\2022\Enterprise\VC\Tools\MSVC\14.34.31933\include\fstream(53,28): warning C5264: 'std::_Is_any_path<const char*>': 'const' variable is not used
C:\Program Files\Microsoft Visual Studio\2022\Enterprise\VC\Tools\MSVC\14.34.31933\include\type_traits(667,28): warning C5264: 'std::is_move_constructible_v<std::default_delete<std::_Facet_base>>': 'const' variable is not used
C:\Program Files\Microsoft Visual Studio\2022\Enterprise\VC\Tools\MSVC\14.34.31933\include\utility(114,45): warning C5264: 'std::piecewise_construct': 'const' variable is not used
C:\Program Files\Microsoft Visual Studio\2022\Enterprise\VC\Tools\MSVC\14.34.31933\include\limits(1197,16): warning C5264: 'std::_Is_standard_unsigned_integer<std::_Vbase>': 'const' variable is not used
  SimpleSprite.cpp
C:\Program Files\Microsoft Visual Studio\2022\Enterprise\VC\Tools\MSVC\14.34.31933\include\xmemory(154,5): warning C4365: 'argument': conversion from 'long' to 'unsigned int', signed/unsigned mismatch
C:\Program Files\Microsoft Visual Studio\2022\Enterprise\VC\Tools\MSVC\14.34.31933\include\xmemory(164,5): warning C4365: 'argument': conversion from 'long' to 'unsigned int', signed/unsigned mismatch
C:\Program Files\Microsoft Visual Studio\2022\Enterprise\VC\Tools\MSVC\14.34.31933\include\atomic(93,9): warning C4365: 'argument': conversion from 'long' to 'unsigned int', signed/unsigned mismatch
C:\Program Files\Microsoft Visual Studio\2022\Enterprise\VC\Tools\MSVC\14.34.31933\include\atomic(300,9): warning C4365: 'argument': conversion from 'long' to 'unsigned int', signed/unsigned mismatch
C:\Program Files\Microsoft Visual Studio\2022\Enterprise\VC\Tools\MSVC\14.34.31933\include\atomic(316,9): warning C4365: 'argument': conversion from 'long' to 'unsigned int', signed/unsigned mismatch
C:\Users\mikai\OneDrive\Bureaublad\2022-2023\Semester2\00_PROG2\Assignment\Code Files\Engine\structs.h(14,1): warning C4820: 'Window': '7' bytes padding added after data member 'Window::isVSyncOn'
C:\Users\mikai\OneDrive\Bureaublad\2022-2023\Semester2\00_PROG2\Assignment\Code Files\Engine\Sprite.h(23,1): warning C4820: 'Sprite': '7' bytes padding added after data member 'Sprite::m_Flip'
C:\Users\mikai\OneDrive\Bureaublad\2022-2023\Semester2\00_PROG2\Assignment\Code Files\Engine\SimpleSprite.h(12,28): warning C4100: 'elapsedSec': unreferenced formal parameter
C:\Program Files (x86)\Windows Kits\10\Include\10.0.19041.0\um\winbase.h(7679,48): warning C5039: 'TpSetCallbackCleanupGroup': pointer or reference to potentially throwing function passed to 'extern "C"' function under -EHc. Undefined behavior may occur if this function throws an exception.
C:\Users\mikai\OneDrive\Bureaublad\2022-2023\Semester2\00_PROG2\Assignment\Code Files\Engine\SimpleSprite.cpp(28,50): warning C5219: implicit conversion from 'const int' to 'float', possible loss of data
C:\Users\mikai\OneDrive\Bureaublad\2022-2023\Semester2\00_PROG2\Assignment\Code Files\Engine\SimpleSprite.cpp(29,52): warning C5219: implicit conversion from 'const int' to 'float', possible loss of data
C:\Users\mikai\OneDrive\Bureaublad\2022-2023\Semester2\00_PROG2\Assignment\Code Files\Engine\SimpleSprite.cpp(30,25): warning C5219: implicit conversion from 'const int' to 'const float', possible loss of data
C:\Users\mikai\OneDrive\Bureaublad\2022-2023\Semester2\00_PROG2\Assignment\Code Files\Engine\SimpleSprite.cpp(31,26): warning C5219: implicit conversion from 'const int' to 'const float', possible loss of data
C:\Program Files\Microsoft Visual Studio\2022\Enterprise\VC\Tools\MSVC\14.34.31933\include\xthreads.h(44,30): warning C5264: '_Mtx_internal_imp_alignment': 'const' variable is not used
C:\Program Files\Microsoft Visual Studio\2022\Enterprise\VC\Tools\MSVC\14.34.31933\include\xthreads.h(45,30): warning C5264: '_Cnd_internal_imp_size': 'const' variable is not used
C:\Users\mikai\OneDrive\Bureaublad\2022-2023\Semester2\00_PROG2\Assignment\Code Files\Engine\utils.h(7,14): warning C5264: 'utils::g_Pi': 'const' variable is not used
C:\Program Files\Microsoft Visual Studio\2022\Enterprise\VC\Tools\MSVC\14.34.31933\include\xthreads.h(43,30): warning C5264: '_Mtx_internal_imp_size': 'const' variable is not used
C:\Program Files\Microsoft Visual Studio\2022\Enterprise\VC\Tools\MSVC\14.34.31933\include\xthreads.h(46,30): warning C5264: '_Cnd_internal_imp_alignment': 'const' variable is not used
C:\Program Files\Microsoft Visual Studio\2022\Enterprise\VC\Tools\MSVC\14.34.31933\include\utility(127,39): warning C5264: 'std::allocator_arg': 'const' variable is not used
C:\Program Files\Microsoft Visual Studio\2022\Enterprise\VC\Tools\MSVC\14.34.31933\include\typeinfo(28,27): warning C5264: 'std::_Small_object_num_ptrs': 'const' variable is not used
C:\Program Files\Microsoft Visual Studio\2022\Enterprise\VC\Tools\MSVC\14.34.31933\include\system_error(44,28): warning C5264: 'std::is_error_code_enum_v<int>': 'const' variable is not used
C:\Program Files\Microsoft Visual Studio\2022\Enterprise\VC\Tools\MSVC\14.34.31933\include\system_error(44,28): warning C5264: 'std::is_error_code_enum_v<std::error_condition>': 'const' variable is not used
C:\Program Files\Microsoft Visual Studio\2022\Enterprise\VC\Tools\MSVC\14.34.31933\include\system_error(44,28): warning C5264: 'std::is_error_code_enum_v<std::error_code>': 'const' variable is not used
C:\Program Files\Microsoft Visual Studio\2022\Enterprise\VC\Tools\MSVC\14.34.31933\include\system_error(44,28): warning C5264: 'std::is_error_code_enum_v<std::system_error>': 'const' variable is not used
C:\Program Files\Microsoft Visual Studio\2022\Enterprise\VC\Tools\MSVC\14.34.31933\include\xtr1common(179,28): warning C5264: 'std::is_integral_v<double>': 'const' variable is not used
C:\Program Files\Microsoft Visual Studio\2022\Enterprise\VC\Tools\MSVC\14.34.31933\include\xutility(812,28): warning C5264: 'std::?$_Is_iterator_v@$RBAAB@$$Yvoid_t@std@@$std:?$iterator_traits@$RBAAB@:iterator_category:<char*,void>': 'const' variable is not used
C:\Program Files\Microsoft Visual Studio\2022\Enterprise\VC\Tools\MSVC\14.34.31933\include\xutility(812,28): warning C5264: 'std::?$_Is_iterator_v@$RBAAB@$$Yvoid_t@std@@$std:?$iterator_traits@$RBAAB@:iterator_category:<wchar_t*,void>': 'const' variable is not used
C:\Program Files\Microsoft Visual Studio\2022\Enterprise\VC\Tools\MSVC\14.34.31933\include\xtr1common(196,28): warning C5264: 'std::is_arithmetic_v<double>': 'const' variable is not used
C:\Program Files\Microsoft Visual Studio\2022\Enterprise\VC\Tools\MSVC\14.34.31933\include\type_traits(667,28): warning C5264: 'std::is_move_constructible_v<std::default_delete<std::_Facet_base>>': 'const' variable is not used
C:\Program Files\Microsoft Visual Studio\2022\Enterprise\VC\Tools\MSVC\14.34.31933\include\utility(114,45): warning C5264: 'std::piecewise_construct': 'const' variable is not used
C:\Program Files\Microsoft Visual Studio\2022\Enterprise\VC\Tools\MSVC\14.34.31933\include\limits(1197,16): warning C5264: 'std::_Is_standard_unsigned_integer<std::_Vbase>': 'const' variable is not used
  SoundEffect.cpp
C:\Program Files (x86)\Windows Kits\10\Include\10.0.19041.0\um\winbase.h(7679,48): warning C5039: 'TpSetCallbackCleanupGroup': pointer or reference to potentially throwing function passed to 'extern "C"' function under -EHc. Undefined behavior may occur if this function throws an exception.
C:\Program Files\Microsoft Visual Studio\2022\Enterprise\VC\Tools\MSVC\14.34.31933\include\xmemory(154,5): warning C4365: 'argument': conversion from 'long' to 'unsigned int', signed/unsigned mismatch
C:\Program Files\Microsoft Visual Studio\2022\Enterprise\VC\Tools\MSVC\14.34.31933\include\xmemory(164,5): warning C4365: 'argument': conversion from 'long' to 'unsigned int', signed/unsigned mismatch
C:\Program Files\Microsoft Visual Studio\2022\Enterprise\VC\Tools\MSVC\14.34.31933\include\atomic(93,9): warning C4365: 'argument': conversion from 'long' to 'unsigned int', signed/unsigned mismatch
C:\Program Files\Microsoft Visual Studio\2022\Enterprise\VC\Tools\MSVC\14.34.31933\include\atomic(300,9): warning C4365: 'argument': conversion from 'long' to 'unsigned int', signed/unsigned mismatch
C:\Program Files\Microsoft Visual Studio\2022\Enterprise\VC\Tools\MSVC\14.34.31933\include\atomic(316,9): warning C4365: 'argument': conversion from 'long' to 'unsigned int', signed/unsigned mismatch
C:\Users\mikai\OneDrive\Bureaublad\2022-2023\Semester2\00_PROG2\Assignment\Code Files\Engine\SoundEffect.h(3,16): warning C4099: 'Mix_Chunk': type name first seen using 'struct' now seen using 'class'
C:\Users\mikai\OneDrive\Bureaublad\2022-2023\Semester2\00_PROG2\Assignment\Code Files\Libraries\SDLMixer\SDL2_mixer-2.6.3\include\SDL_mixer.h(228,16): message : see declaration of 'Mix_Chunk'
C:\Program Files\Microsoft Visual Studio\2022\Enterprise\VC\Tools\MSVC\14.34.31933\include\xthreads.h(44,30): warning C5264: '_Mtx_internal_imp_alignment': 'const' variable is not used
C:\Program Files\Microsoft Visual Studio\2022\Enterprise\VC\Tools\MSVC\14.34.31933\include\xthreads.h(45,30): warning C5264: '_Cnd_internal_imp_size': 'const' variable is not used
C:\Program Files\Microsoft Visual Studio\2022\Enterprise\VC\Tools\MSVC\14.34.31933\include\xthreads.h(43,30): warning C5264: '_Mtx_internal_imp_size': 'const' variable is not used
C:\Program Files\Microsoft Visual Studio\2022\Enterprise\VC\Tools\MSVC\14.34.31933\include\xthreads.h(46,30): warning C5264: '_Cnd_internal_imp_alignment': 'const' variable is not used
C:\Program Files\Microsoft Visual Studio\2022\Enterprise\VC\Tools\MSVC\14.34.31933\include\utility(127,39): warning C5264: 'std::allocator_arg': 'const' variable is not used
C:\Program Files\Microsoft Visual Studio\2022\Enterprise\VC\Tools\MSVC\14.34.31933\include\typeinfo(28,27): warning C5264: 'std::_Small_object_num_ptrs': 'const' variable is not used
C:\Program Files\Microsoft Visual Studio\2022\Enterprise\VC\Tools\MSVC\14.34.31933\include\system_error(44,28): warning C5264: 'std::is_error_code_enum_v<int>': 'const' variable is not used
C:\Program Files\Microsoft Visual Studio\2022\Enterprise\VC\Tools\MSVC\14.34.31933\include\system_error(44,28): warning C5264: 'std::is_error_code_enum_v<std::string>': 'const' variable is not used
C:\Program Files\Microsoft Visual Studio\2022\Enterprise\VC\Tools\MSVC\14.34.31933\include\system_error(44,28): warning C5264: 'std::is_error_code_enum_v<std::error_condition>': 'const' variable is not used
C:\Program Files\Microsoft Visual Studio\2022\Enterprise\VC\Tools\MSVC\14.34.31933\include\system_error(44,28): warning C5264: 'std::is_error_code_enum_v<std::error_code>': 'const' variable is not used
C:\Program Files\Microsoft Visual Studio\2022\Enterprise\VC\Tools\MSVC\14.34.31933\include\system_error(44,28): warning C5264: 'std::is_error_code_enum_v<std::system_error>': 'const' variable is not used
C:\Program Files\Microsoft Visual Studio\2022\Enterprise\VC\Tools\MSVC\14.34.31933\include\xtr1common(179,28): warning C5264: 'std::is_integral_v<double>': 'const' variable is not used
C:\Program Files\Microsoft Visual Studio\2022\Enterprise\VC\Tools\MSVC\14.34.31933\include\xutility(812,28): warning C5264: 'std::?$_Is_iterator_v@$RBAAB@$$Yvoid_t@std@@$std:?$iterator_traits@$RBAAB@:iterator_category:<char*,void>': 'const' variable is not used
C:\Program Files\Microsoft Visual Studio\2022\Enterprise\VC\Tools\MSVC\14.34.31933\include\xutility(812,28): warning C5264: 'std::?$_Is_iterator_v@$RBAAB@$$Yvoid_t@std@@$std:?$iterator_traits@$RBAAB@:iterator_category:<wchar_t*,void>': 'const' variable is not used
C:\Program Files\Microsoft Visual Studio\2022\Enterprise\VC\Tools\MSVC\14.34.31933\include\xtr1common(196,28): warning C5264: 'std::is_arithmetic_v<double>': 'const' variable is not used
C:\Program Files\Microsoft Visual Studio\2022\Enterprise\VC\Tools\MSVC\14.34.31933\include\type_traits(667,28): warning C5264: 'std::is_move_constructible_v<std::default_delete<std::_Facet_base>>': 'const' variable is not used
C:\Program Files\Microsoft Visual Studio\2022\Enterprise\VC\Tools\MSVC\14.34.31933\include\utility(114,45): warning C5264: 'std::piecewise_construct': 'const' variable is not used
  SoundStream.cpp
C:\Program Files (x86)\Windows Kits\10\Include\10.0.19041.0\um\winbase.h(7679,48): warning C5039: 'TpSetCallbackCleanupGroup': pointer or reference to potentially throwing function passed to 'extern "C"' function under -EHc. Undefined behavior may occur if this function throws an exception.
C:\Program Files\Microsoft Visual Studio\2022\Enterprise\VC\Tools\MSVC\14.34.31933\include\xmemory(154,5): warning C4365: 'argument': conversion from 'long' to 'unsigned int', signed/unsigned mismatch
C:\Program Files\Microsoft Visual Studio\2022\Enterprise\VC\Tools\MSVC\14.34.31933\include\xmemory(164,5): warning C4365: 'argument': conversion from 'long' to 'unsigned int', signed/unsigned mismatch
C:\Program Files\Microsoft Visual Studio\2022\Enterprise\VC\Tools\MSVC\14.34.31933\include\atomic(93,9): warning C4365: 'argument': conversion from 'long' to 'unsigned int', signed/unsigned mismatch
C:\Program Files\Microsoft Visual Studio\2022\Enterprise\VC\Tools\MSVC\14.34.31933\include\atomic(300,9): warning C4365: 'argument': conversion from 'long' to 'unsigned int', signed/unsigned mismatch
C:\Program Files\Microsoft Visual Studio\2022\Enterprise\VC\Tools\MSVC\14.34.31933\include\atomic(316,9): warning C4365: 'argument': conversion from 'long' to 'unsigned int', signed/unsigned mismatch
C:\Program Files\Microsoft Visual Studio\2022\Enterprise\VC\Tools\MSVC\14.34.31933\include\xthreads.h(44,30): warning C5264: '_Mtx_internal_imp_alignment': 'const' variable is not used
C:\Program Files\Microsoft Visual Studio\2022\Enterprise\VC\Tools\MSVC\14.34.31933\include\xthreads.h(45,30): warning C5264: '_Cnd_internal_imp_size': 'const' variable is not used
C:\Program Files\Microsoft Visual Studio\2022\Enterprise\VC\Tools\MSVC\14.34.31933\include\xthreads.h(43,30): warning C5264: '_Mtx_internal_imp_size': 'const' variable is not used
C:\Program Files\Microsoft Visual Studio\2022\Enterprise\VC\Tools\MSVC\14.34.31933\include\xthreads.h(46,30): warning C5264: '_Cnd_internal_imp_alignment': 'const' variable is not used
C:\Program Files\Microsoft Visual Studio\2022\Enterprise\VC\Tools\MSVC\14.34.31933\include\utility(127,39): warning C5264: 'std::allocator_arg': 'const' variable is not used
C:\Program Files\Microsoft Visual Studio\2022\Enterprise\VC\Tools\MSVC\14.34.31933\include\typeinfo(28,27): warning C5264: 'std::_Small_object_num_ptrs': 'const' variable is not used
C:\Program Files\Microsoft Visual Studio\2022\Enterprise\VC\Tools\MSVC\14.34.31933\include\system_error(44,28): warning C5264: 'std::is_error_code_enum_v<int>': 'const' variable is not used
C:\Program Files\Microsoft Visual Studio\2022\Enterprise\VC\Tools\MSVC\14.34.31933\include\system_error(44,28): warning C5264: 'std::is_error_code_enum_v<std::string>': 'const' variable is not used
C:\Program Files\Microsoft Visual Studio\2022\Enterprise\VC\Tools\MSVC\14.34.31933\include\system_error(44,28): warning C5264: 'std::is_error_code_enum_v<std::error_condition>': 'const' variable is not used
C:\Program Files\Microsoft Visual Studio\2022\Enterprise\VC\Tools\MSVC\14.34.31933\include\system_error(44,28): warning C5264: 'std::is_error_code_enum_v<std::error_code>': 'const' variable is not used
C:\Program Files\Microsoft Visual Studio\2022\Enterprise\VC\Tools\MSVC\14.34.31933\include\system_error(44,28): warning C5264: 'std::is_error_code_enum_v<std::system_error>': 'const' variable is not used
C:\Program Files\Microsoft Visual Studio\2022\Enterprise\VC\Tools\MSVC\14.34.31933\include\xtr1common(179,28): warning C5264: 'std::is_integral_v<double>': 'const' variable is not used
C:\Program Files\Microsoft Visual Studio\2022\Enterprise\VC\Tools\MSVC\14.34.31933\include\xutility(812,28): warning C5264: 'std::?$_Is_iterator_v@$RBAAB@$$Yvoid_t@std@@$std:?$iterator_traits@$RBAAB@:iterator_category:<char*,void>': 'const' variable is not used
C:\Program Files\Microsoft Visual Studio\2022\Enterprise\VC\Tools\MSVC\14.34.31933\include\xutility(812,28): warning C5264: 'std::?$_Is_iterator_v@$RBAAB@$$Yvoid_t@std@@$std:?$iterator_traits@$RBAAB@:iterator_category:<wchar_t*,void>': 'const' variable is not used
C:\Program Files\Microsoft Visual Studio\2022\Enterprise\VC\Tools\MSVC\14.34.31933\include\xtr1common(196,28): warning C5264: 'std::is_arithmetic_v<double>': 'const' variable is not used
C:\Program Files\Microsoft Visual Studio\2022\Enterprise\VC\Tools\MSVC\14.34.31933\include\type_traits(667,28): warning C5264: 'std::is_move_constructible_v<std::default_delete<std::_Facet_base>>': 'const' variable is not used
C:\Program Files\Microsoft Visual Studio\2022\Enterprise\VC\Tools\MSVC\14.34.31933\include\utility(114,45): warning C5264: 'std::piecewise_construct': 'const' variable is not used
  Sprite.cpp
C:\Program Files\Microsoft Visual Studio\2022\Enterprise\VC\Tools\MSVC\14.34.31933\include\xmemory(154,5): warning C4365: 'argument': conversion from 'long' to 'unsigned int', signed/unsigned mismatch
C:\Program Files\Microsoft Visual Studio\2022\Enterprise\VC\Tools\MSVC\14.34.31933\include\xmemory(164,5): warning C4365: 'argument': conversion from 'long' to 'unsigned int', signed/unsigned mismatch
C:\Program Files\Microsoft Visual Studio\2022\Enterprise\VC\Tools\MSVC\14.34.31933\include\atomic(93,9): warning C4365: 'argument': conversion from 'long' to 'unsigned int', signed/unsigned mismatch
C:\Program Files\Microsoft Visual Studio\2022\Enterprise\VC\Tools\MSVC\14.34.31933\include\atomic(300,9): warning C4365: 'argument': conversion from 'long' to 'unsigned int', signed/unsigned mismatch
C:\Program Files\Microsoft Visual Studio\2022\Enterprise\VC\Tools\MSVC\14.34.31933\include\atomic(316,9): warning C4365: 'argument': conversion from 'long' to 'unsigned int', signed/unsigned mismatch
C:\Users\mikai\OneDrive\Bureaublad\2022-2023\Semester2\00_PROG2\Assignment\Code Files\Engine\structs.h(14,1): warning C4820: 'Window': '7' bytes padding added after data member 'Window::isVSyncOn'
C:\Users\mikai\OneDrive\Bureaublad\2022-2023\Semester2\00_PROG2\Assignment\Code Files\Engine\Sprite.h(23,1): warning C4820: 'Sprite': '7' bytes padding added after data member 'Sprite::m_Flip'
C:\Program Files (x86)\Windows Kits\10\Include\10.0.19041.0\um\winbase.h(7679,48): warning C5039: 'TpSetCallbackCleanupGroup': pointer or reference to potentially throwing function passed to 'extern "C"' function under -EHc. Undefined behavior may occur if this function throws an exception.
C:\Program Files\Microsoft Visual Studio\2022\Enterprise\VC\Tools\MSVC\14.34.31933\include\xthreads.h(44,30): warning C5264: '_Mtx_internal_imp_alignment': 'const' variable is not used
C:\Program Files\Microsoft Visual Studio\2022\Enterprise\VC\Tools\MSVC\14.34.31933\include\xthreads.h(45,30): warning C5264: '_Cnd_internal_imp_size': 'const' variable is not used
C:\Users\mikai\OneDrive\Bureaublad\2022-2023\Semester2\00_PROG2\Assignment\Code Files\Engine\utils.h(7,14): warning C5264: 'utils::g_Pi': 'const' variable is not used
C:\Program Files\Microsoft Visual Studio\2022\Enterprise\VC\Tools\MSVC\14.34.31933\include\xthreads.h(43,30): warning C5264: '_Mtx_internal_imp_size': 'const' variable is not used
C:\Program Files\Microsoft Visual Studio\2022\Enterprise\VC\Tools\MSVC\14.34.31933\include\xthreads.h(46,30): warning C5264: '_Cnd_internal_imp_alignment': 'const' variable is not used
C:\Program Files\Microsoft Visual Studio\2022\Enterprise\VC\Tools\MSVC\14.34.31933\include\utility(127,39): warning C5264: 'std::allocator_arg': 'const' variable is not used
C:\Program Files\Microsoft Visual Studio\2022\Enterprise\VC\Tools\MSVC\14.34.31933\include\typeinfo(28,27): warning C5264: 'std::_Small_object_num_ptrs': 'const' variable is not used
C:\Program Files\Microsoft Visual Studio\2022\Enterprise\VC\Tools\MSVC\14.34.31933\include\system_error(44,28): warning C5264: 'std::is_error_code_enum_v<int>': 'const' variable is not used
C:\Program Files\Microsoft Visual Studio\2022\Enterprise\VC\Tools\MSVC\14.34.31933\include\system_error(44,28): warning C5264: 'std::is_error_code_enum_v<std::error_condition>': 'const' variable is not used
C:\Program Files\Microsoft Visual Studio\2022\Enterprise\VC\Tools\MSVC\14.34.31933\include\system_error(44,28): warning C5264: 'std::is_error_code_enum_v<std::error_code>': 'const' variable is not used
C:\Program Files\Microsoft Visual Studio\2022\Enterprise\VC\Tools\MSVC\14.34.31933\include\system_error(44,28): warning C5264: 'std::is_error_code_enum_v<std::system_error>': 'const' variable is not used
C:\Program Files\Microsoft Visual Studio\2022\Enterprise\VC\Tools\MSVC\14.34.31933\include\xtr1common(179,28): warning C5264: 'std::is_integral_v<double>': 'const' variable is not used
C:\Program Files\Microsoft Visual Studio\2022\Enterprise\VC\Tools\MSVC\14.34.31933\include\xutility(812,28): warning C5264: 'std::?$_Is_iterator_v@$RBAAB@$$Yvoid_t@std@@$std:?$iterator_traits@$RBAAB@:iterator_category:<char*,void>': 'const' variable is not used
C:\Program Files\Microsoft Visual Studio\2022\Enterprise\VC\Tools\MSVC\14.34.31933\include\xutility(812,28): warning C5264: 'std::?$_Is_iterator_v@$RBAAB@$$Yvoid_t@std@@$std:?$iterator_traits@$RBAAB@:iterator_category:<wchar_t*,void>': 'const' variable is not used
C:\Program Files\Microsoft Visual Studio\2022\Enterprise\VC\Tools\MSVC\14.34.31933\include\xtr1common(196,28): warning C5264: 'std::is_arithmetic_v<double>': 'const' variable is not used
C:\Program Files\Microsoft Visual Studio\2022\Enterprise\VC\Tools\MSVC\14.34.31933\include\type_traits(667,28): warning C5264: 'std::is_move_constructible_v<std::default_delete<std::_Facet_base>>': 'const' variable is not used
C:\Program Files\Microsoft Visual Studio\2022\Enterprise\VC\Tools\MSVC\14.34.31933\include\utility(114,45): warning C5264: 'std::piecewise_construct': 'const' variable is not used
C:\Program Files\Microsoft Visual Studio\2022\Enterprise\VC\Tools\MSVC\14.34.31933\include\limits(1197,16): warning C5264: 'std::_Is_standard_unsigned_integer<std::_Vbase>': 'const' variable is not used
  Texture.cpp
C:\Program Files (x86)\Windows Kits\10\Include\10.0.19041.0\um\winbase.h(7679,48): warning C5039: 'TpSetCallbackCleanupGroup': pointer or reference to potentially throwing function passed to 'extern "C"' function under -EHc. Undefined behavior may occur if this function throws an exception.
C:\Program Files\Microsoft Visual Studio\2022\Enterprise\VC\Tools\MSVC\14.34.31933\include\xmemory(154,5): warning C4365: 'argument': conversion from 'long' to 'unsigned int', signed/unsigned mismatch
C:\Program Files\Microsoft Visual Studio\2022\Enterprise\VC\Tools\MSVC\14.34.31933\include\xmemory(164,5): warning C4365: 'argument': conversion from 'long' to 'unsigned int', signed/unsigned mismatch
C:\Program Files\Microsoft Visual Studio\2022\Enterprise\VC\Tools\MSVC\14.34.31933\include\atomic(93,9): warning C4365: 'argument': conversion from 'long' to 'unsigned int', signed/unsigned mismatch
C:\Program Files\Microsoft Visual Studio\2022\Enterprise\VC\Tools\MSVC\14.34.31933\include\atomic(300,9): warning C4365: 'argument': conversion from 'long' to 'unsigned int', signed/unsigned mismatch
C:\Program Files\Microsoft Visual Studio\2022\Enterprise\VC\Tools\MSVC\14.34.31933\include\atomic(316,9): warning C4365: 'argument': conversion from 'long' to 'unsigned int', signed/unsigned mismatch
C:\Users\mikai\OneDrive\Bureaublad\2022-2023\Semester2\00_PROG2\Assignment\Code Files\Engine\Texture.cpp(342,28): warning C5219: implicit conversion from 'int' to 'const float', possible loss of data
C:\Users\mikai\OneDrive\Bureaublad\2022-2023\Semester2\00_PROG2\Assignment\Code Files\Engine\Texture.cpp(343,30): warning C5219: implicit conversion from 'int' to 'const float', possible loss of data
C:\Users\mikai\OneDrive\Bureaublad\2022-2023\Semester2\00_PROG2\Assignment\Code Files\Engine\Texture.cpp(344,33): warning C5219: implicit conversion from 'const int' to 'float', possible loss of data
C:\Users\mikai\OneDrive\Bureaublad\2022-2023\Semester2\00_PROG2\Assignment\Code Files\Engine\Texture.cpp(345,36): warning C5219: implicit conversion from 'const int' to 'float', possible loss of data
C:\Program Files\Microsoft Visual Studio\2022\Enterprise\VC\Tools\MSVC\14.34.31933\include\xthreads.h(44,30): warning C5264: '_Mtx_internal_imp_alignment': 'const' variable is not used
C:\Program Files\Microsoft Visual Studio\2022\Enterprise\VC\Tools\MSVC\14.34.31933\include\xthreads.h(45,30): warning C5264: '_Cnd_internal_imp_size': 'const' variable is not used
C:\Program Files\Microsoft Visual Studio\2022\Enterprise\VC\Tools\MSVC\14.34.31933\include\xthreads.h(43,30): warning C5264: '_Mtx_internal_imp_size': 'const' variable is not used
C:\Program Files\Microsoft Visual Studio\2022\Enterprise\VC\Tools\MSVC\14.34.31933\include\xthreads.h(46,30): warning C5264: '_Cnd_internal_imp_alignment': 'const' variable is not used
C:\Program Files\Microsoft Visual Studio\2022\Enterprise\VC\Tools\MSVC\14.34.31933\include\utility(127,39): warning C5264: 'std::allocator_arg': 'const' variable is not used
C:\Program Files\Microsoft Visual Studio\2022\Enterprise\VC\Tools\MSVC\14.34.31933\include\typeinfo(28,27): warning C5264: 'std::_Small_object_num_ptrs': 'const' variable is not used
C:\Program Files\Microsoft Visual Studio\2022\Enterprise\VC\Tools\MSVC\14.34.31933\include\system_error(44,28): warning C5264: 'std::is_error_code_enum_v<int>': 'const' variable is not used
C:\Program Files\Microsoft Visual Studio\2022\Enterprise\VC\Tools\MSVC\14.34.31933\include\system_error(44,28): warning C5264: 'std::is_error_code_enum_v<const char*>': 'const' variable is not used
C:\Program Files\Microsoft Visual Studio\2022\Enterprise\VC\Tools\MSVC\14.34.31933\include\system_error(44,28): warning C5264: 'std::is_error_code_enum_v<char>': 'const' variable is not used
C:\Program Files\Microsoft Visual Studio\2022\Enterprise\VC\Tools\MSVC\14.34.31933\include\system_error(44,28): warning C5264: 'std::is_error_code_enum_v<Uint8>': 'const' variable is not used
C:\Program Files\Microsoft Visual Studio\2022\Enterprise\VC\Tools\MSVC\14.34.31933\include\system_error(44,28): warning C5264: 'std::is_error_code_enum_v<GLenum>': 'const' variable is not used
C:\Program Files\Microsoft Visual Studio\2022\Enterprise\VC\Tools\MSVC\14.34.31933\include\system_error(44,28): warning C5264: 'std::is_error_code_enum_v<std::error_condition>': 'const' variable is not used
C:\Program Files\Microsoft Visual Studio\2022\Enterprise\VC\Tools\MSVC\14.34.31933\include\system_error(44,28): warning C5264: 'std::is_error_code_enum_v<std::error_code>': 'const' variable is not used
C:\Program Files\Microsoft Visual Studio\2022\Enterprise\VC\Tools\MSVC\14.34.31933\include\system_error(44,28): warning C5264: 'std::is_error_code_enum_v<std::system_error>': 'const' variable is not used
C:\Program Files\Microsoft Visual Studio\2022\Enterprise\VC\Tools\MSVC\14.34.31933\include\xtr1common(179,28): warning C5264: 'std::is_integral_v<double>': 'const' variable is not used
C:\Program Files\Microsoft Visual Studio\2022\Enterprise\VC\Tools\MSVC\14.34.31933\include\xutility(812,28): warning C5264: 'std::?$_Is_iterator_v@$RBAAB@$$Yvoid_t@std@@$std:?$iterator_traits@$RBAAB@:iterator_category:<char*,void>': 'const' variable is not used
C:\Program Files\Microsoft Visual Studio\2022\Enterprise\VC\Tools\MSVC\14.34.31933\include\xutility(812,28): warning C5264: 'std::?$_Is_iterator_v@$RBAAB@$$Yvoid_t@std@@$std:?$iterator_traits@$RBAAB@:iterator_category:<wchar_t*,void>': 'const' variable is not used
C:\Program Files\Microsoft Visual Studio\2022\Enterprise\VC\Tools\MSVC\14.34.31933\include\xtr1common(196,28): warning C5264: 'std::is_arithmetic_v<double>': 'const' variable is not used
C:\Program Files\Microsoft Visual Studio\2022\Enterprise\VC\Tools\MSVC\14.34.31933\include\type_traits(667,28): warning C5264: 'std::is_move_constructible_v<std::default_delete<std::_Facet_base>>': 'const' variable is not used
C:\Program Files\Microsoft Visual Studio\2022\Enterprise\VC\Tools\MSVC\14.34.31933\include\utility(114,45): warning C5264: 'std::piecewise_construct': 'const' variable is not used
  Vector2f.cpp
C:\Program Files (x86)\Windows Kits\10\Include\10.0.19041.0\um\winbase.h(7679,48): warning C5039: 'TpSetCallbackCleanupGroup': pointer or reference to potentially throwing function passed to 'extern "C"' function under -EHc. Undefined behavior may occur if this function throws an exception.
C:\Program Files\Microsoft Visual Studio\2022\Enterprise\VC\Tools\MSVC\14.34.31933\include\xmemory(154,5): warning C4365: 'argument': conversion from 'long' to 'unsigned int', signed/unsigned mismatch
C:\Program Files\Microsoft Visual Studio\2022\Enterprise\VC\Tools\MSVC\14.34.31933\include\xmemory(164,5): warning C4365: 'argument': conversion from 'long' to 'unsigned int', signed/unsigned mismatch
C:\Program Files\Microsoft Visual Studio\2022\Enterprise\VC\Tools\MSVC\14.34.31933\include\atomic(93,9): warning C4365: 'argument': conversion from 'long' to 'unsigned int', signed/unsigned mismatch
C:\Program Files\Microsoft Visual Studio\2022\Enterprise\VC\Tools\MSVC\14.34.31933\include\atomic(300,9): warning C4365: 'argument': conversion from 'long' to 'unsigned int', signed/unsigned mismatch
C:\Program Files\Microsoft Visual Studio\2022\Enterprise\VC\Tools\MSVC\14.34.31933\include\atomic(316,9): warning C4365: 'argument': conversion from 'long' to 'unsigned int', signed/unsigned mismatch
C:\Program Files\Microsoft Visual Studio\2022\Enterprise\VC\Tools\MSVC\14.34.31933\include\xthreads.h(44,30): warning C5264: '_Mtx_internal_imp_alignment': 'const' variable is not used
C:\Program Files\Microsoft Visual Studio\2022\Enterprise\VC\Tools\MSVC\14.34.31933\include\xthreads.h(45,30): warning C5264: '_Cnd_internal_imp_size': 'const' variable is not used
C:\Program Files\Microsoft Visual Studio\2022\Enterprise\VC\Tools\MSVC\14.34.31933\include\xthreads.h(43,30): warning C5264: '_Mtx_internal_imp_size': 'const' variable is not used
C:\Program Files\Microsoft Visual Studio\2022\Enterprise\VC\Tools\MSVC\14.34.31933\include\xthreads.h(46,30): warning C5264: '_Cnd_internal_imp_alignment': 'const' variable is not used
C:\Program Files\Microsoft Visual Studio\2022\Enterprise\VC\Tools\MSVC\14.34.31933\include\utility(127,39): warning C5264: 'std::allocator_arg': 'const' variable is not used
C:\Program Files\Microsoft Visual Studio\2022\Enterprise\VC\Tools\MSVC\14.34.31933\include\typeinfo(28,27): warning C5264: 'std::_Small_object_num_ptrs': 'const' variable is not used
C:\Program Files\Microsoft Visual Studio\2022\Enterprise\VC\Tools\MSVC\14.34.31933\include\system_error(44,28): warning C5264: 'std::is_error_code_enum_v<float>': 'const' variable is not used
C:\Program Files\Microsoft Visual Studio\2022\Enterprise\VC\Tools\MSVC\14.34.31933\include\system_error(44,28): warning C5264: 'std::is_error_code_enum_v<int>': 'const' variable is not used
C:\Program Files\Microsoft Visual Studio\2022\Enterprise\VC\Tools\MSVC\14.34.31933\include\system_error(44,28): warning C5264: 'std::is_error_code_enum_v<const char*>': 'const' variable is not used
C:\Program Files\Microsoft Visual Studio\2022\Enterprise\VC\Tools\MSVC\14.34.31933\include\system_error(44,28): warning C5264: 'std::is_error_code_enum_v<std::string>': 'const' variable is not used
C:\Program Files\Microsoft Visual Studio\2022\Enterprise\VC\Tools\MSVC\14.34.31933\include\system_error(44,28): warning C5264: 'std::is_error_code_enum_v<std::error_condition>': 'const' variable is not used
C:\Program Files\Microsoft Visual Studio\2022\Enterprise\VC\Tools\MSVC\14.34.31933\include\system_error(44,28): warning C5264: 'std::is_error_code_enum_v<std::error_code>': 'const' variable is not used
C:\Program Files\Microsoft Visual Studio\2022\Enterprise\VC\Tools\MSVC\14.34.31933\include\system_error(44,28): warning C5264: 'std::is_error_code_enum_v<std::system_error>': 'const' variable is not used
C:\Program Files\Microsoft Visual Studio\2022\Enterprise\VC\Tools\MSVC\14.34.31933\include\system_error(44,28): warning C5264: 'std::is_error_code_enum_v<std::ios_base&(__cdecl *)(std::ios_base &)>': 'const' variable is not used
C:\Program Files\Microsoft Visual Studio\2022\Enterprise\VC\Tools\MSVC\14.34.31933\include\system_error(44,28): warning C5264: 'std::is_error_code_enum_v<std::_Smanip<std::streamsize>>': 'const' variable is not used
C:\Program Files\Microsoft Visual Studio\2022\Enterprise\VC\Tools\MSVC\14.34.31933\include\xtr1common(179,28): warning C5264: 'std::is_integral_v<double>': 'const' variable is not used
C:\Program Files\Microsoft Visual Studio\2022\Enterprise\VC\Tools\MSVC\14.34.31933\include\xtr1common(179,28): warning C5264: 'std::is_integral_v<float>': 'const' variable is not used
C:\Program Files\Microsoft Visual Studio\2022\Enterprise\VC\Tools\MSVC\14.34.31933\include\xutility(812,28): warning C5264: 'std::?$_Is_iterator_v@$RBAAB@$$Yvoid_t@std@@$std:?$iterator_traits@$RBAAB@:iterator_category:<char*,void>': 'const' variable is not used
C:\Program Files\Microsoft Visual Studio\2022\Enterprise\VC\Tools\MSVC\14.34.31933\include\xutility(812,28): warning C5264: 'std::?$_Is_iterator_v@$RBAAB@$$Yvoid_t@std@@$std:?$iterator_traits@$RBAAB@:iterator_category:<wchar_t*,void>': 'const' variable is not used
C:\Program Files\Microsoft Visual Studio\2022\Enterprise\VC\Tools\MSVC\14.34.31933\include\xtr1common(196,28): warning C5264: 'std::is_arithmetic_v<double>': 'const' variable is not used
C:\Program Files\Microsoft Visual Studio\2022\Enterprise\VC\Tools\MSVC\14.34.31933\include\xtr1common(196,28): warning C5264: 'std::is_arithmetic_v<float>': 'const' variable is not used
C:\Program Files\Microsoft Visual Studio\2022\Enterprise\VC\Tools\MSVC\14.34.31933\include\type_traits(667,28): warning C5264: 'std::is_move_constructible_v<std::default_delete<std::_Facet_base>>': 'const' variable is not used
C:\Program Files\Microsoft Visual Studio\2022\Enterprise\VC\Tools\MSVC\14.34.31933\include\utility(114,45): warning C5264: 'std::piecewise_construct': 'const' variable is not used
  myStructs.cpp
C:\Program Files\Microsoft Visual Studio\2022\Enterprise\VC\Tools\MSVC\14.34.31933\include\xmemory(154,5): warning C4365: 'argument': conversion from 'long' to 'unsigned int', signed/unsigned mismatch
C:\Program Files\Microsoft Visual Studio\2022\Enterprise\VC\Tools\MSVC\14.34.31933\include\xmemory(164,5): warning C4365: 'argument': conversion from 'long' to 'unsigned int', signed/unsigned mismatch
C:\Program Files\Microsoft Visual Studio\2022\Enterprise\VC\Tools\MSVC\14.34.31933\include\atomic(93,9): warning C4365: 'argument': conversion from 'long' to 'unsigned int', signed/unsigned mismatch
C:\Program Files\Microsoft Visual Studio\2022\Enterprise\VC\Tools\MSVC\14.34.31933\include\atomic(300,9): warning C4365: 'argument': conversion from 'long' to 'unsigned int', signed/unsigned mismatch
C:\Program Files\Microsoft Visual Studio\2022\Enterprise\VC\Tools\MSVC\14.34.31933\include\atomic(316,9): warning C4365: 'argument': conversion from 'long' to 'unsigned int', signed/unsigned mismatch
C:\Users\mikai\OneDrive\Bureaublad\2022-2023\Semester2\00_PROG2\Assignment\Code Files\Engine\structs.h(14,1): warning C4820: 'Window': '7' bytes padding added after data member 'Window::isVSyncOn'
C:\Users\mikai\OneDrive\Bureaublad\2022-2023\Semester2\00_PROG2\Assignment\Code Files\Engine\myStructs.h(42,1): warning C4820: 'Anim': '3' bytes padding added after data member 'Anim::loop'
C:\Program Files (x86)\Windows Kits\10\Include\10.0.19041.0\um\winbase.h(7679,48): warning C5039: 'TpSetCallbackCleanupGroup': pointer or reference to potentially throwing function passed to 'extern "C"' function under -EHc. Undefined behavior may occur if this function throws an exception.
C:\Users\mikai\OneDrive\Bureaublad\2022-2023\Semester2\00_PROG2\Assignment\Code Files\Engine\myStructs.cpp(47,22): warning C5219: implicit conversion from 'int' to 'float', possible loss of data
C:\Users\mikai\OneDrive\Bureaublad\2022-2023\Semester2\00_PROG2\Assignment\Code Files\Engine\myStructs.cpp(64,38): warning C5219: implicit conversion from 'int' to 'float', possible loss of data
C:\Users\mikai\OneDrive\Bureaublad\2022-2023\Semester2\00_PROG2\Assignment\Code Files\Engine\myStructs.cpp(65,40): warning C5219: implicit conversion from 'int' to 'float', possible loss of data
C:\Program Files\Microsoft Visual Studio\2022\Enterprise\VC\Tools\MSVC\14.34.31933\include\xthreads.h(44,30): warning C5264: '_Mtx_internal_imp_alignment': 'const' variable is not used
C:\Program Files\Microsoft Visual Studio\2022\Enterprise\VC\Tools\MSVC\14.34.31933\include\xthreads.h(45,30): warning C5264: '_Cnd_internal_imp_size': 'const' variable is not used
C:\Program Files\Microsoft Visual Studio\2022\Enterprise\VC\Tools\MSVC\14.34.31933\include\xthreads.h(43,30): warning C5264: '_Mtx_internal_imp_size': 'const' variable is not used
C:\Program Files\Microsoft Visual Studio\2022\Enterprise\VC\Tools\MSVC\14.34.31933\include\xthreads.h(46,30): warning C5264: '_Cnd_internal_imp_alignment': 'const' variable is not used
C:\Program Files\Microsoft Visual Studio\2022\Enterprise\VC\Tools\MSVC\14.34.31933\include\utility(127,39): warning C5264: 'std::allocator_arg': 'const' variable is not used
C:\Program Files\Microsoft Visual Studio\2022\Enterprise\VC\Tools\MSVC\14.34.31933\include\typeinfo(28,27): warning C5264: 'std::_Small_object_num_ptrs': 'const' variable is not used
C:\Program Files\Microsoft Visual Studio\2022\Enterprise\VC\Tools\MSVC\14.34.31933\include\system_error(44,28): warning C5264: 'std::is_error_code_enum_v<int>': 'const' variable is not used
C:\Program Files\Microsoft Visual Studio\2022\Enterprise\VC\Tools\MSVC\14.34.31933\include\system_error(44,28): warning C5264: 'std::is_error_code_enum_v<std::error_condition>': 'const' variable is not used
C:\Program Files\Microsoft Visual Studio\2022\Enterprise\VC\Tools\MSVC\14.34.31933\include\system_error(44,28): warning C5264: 'std::is_error_code_enum_v<std::error_code>': 'const' variable is not used
C:\Program Files\Microsoft Visual Studio\2022\Enterprise\VC\Tools\MSVC\14.34.31933\include\system_error(44,28): warning C5264: 'std::is_error_code_enum_v<std::system_error>': 'const' variable is not used
C:\Program Files\Microsoft Visual Studio\2022\Enterprise\VC\Tools\MSVC\14.34.31933\include\xtr1common(179,28): warning C5264: 'std::is_integral_v<double>': 'const' variable is not used
C:\Program Files\Microsoft Visual Studio\2022\Enterprise\VC\Tools\MSVC\14.34.31933\include\xutility(812,28): warning C5264: 'std::?$_Is_iterator_v@$RBAAB@$$Yvoid_t@std@@$std:?$iterator_traits@$RBAAB@:iterator_category:<char*,void>': 'const' variable is not used
C:\Program Files\Microsoft Visual Studio\2022\Enterprise\VC\Tools\MSVC\14.34.31933\include\xutility(812,28): warning C5264: 'std::?$_Is_iterator_v@$RBAAB@$$Yvoid_t@std@@$std:?$iterator_traits@$RBAAB@:iterator_category:<wchar_t*,void>': 'const' variable is not used
C:\Program Files\Microsoft Visual Studio\2022\Enterprise\VC\Tools\MSVC\14.34.31933\include\xtr1common(196,28): warning C5264: 'std::is_arithmetic_v<double>': 'const' variable is not used
C:\Program Files\Microsoft Visual Studio\2022\Enterprise\VC\Tools\MSVC\14.34.31933\include\type_traits(667,28): warning C5264: 'std::is_move_constructible_v<std::default_delete<std::_Facet_base>>': 'const' variable is not used
C:\Program Files\Microsoft Visual Studio\2022\Enterprise\VC\Tools\MSVC\14.34.31933\include\utility(114,45): warning C5264: 'std::piecewise_construct': 'const' variable is not used
  myUtils.cpp
C:\Program Files (x86)\Windows Kits\10\Include\10.0.19041.0\um\winbase.h(7679,48): warning C5039: 'TpSetCallbackCleanupGroup': pointer or reference to potentially throwing function passed to 'extern "C"' function under -EHc. Undefined behavior may occur if this function throws an exception.
C:\Program Files\Microsoft Visual Studio\2022\Enterprise\VC\Tools\MSVC\14.34.31933\include\xmemory(154,5): warning C4365: 'argument': conversion from 'long' to 'unsigned int', signed/unsigned mismatch
C:\Program Files\Microsoft Visual Studio\2022\Enterprise\VC\Tools\MSVC\14.34.31933\include\xmemory(164,5): warning C4365: 'argument': conversion from 'long' to 'unsigned int', signed/unsigned mismatch
C:\Program Files\Microsoft Visual Studio\2022\Enterprise\VC\Tools\MSVC\14.34.31933\include\atomic(93,9): warning C4365: 'argument': conversion from 'long' to 'unsigned int', signed/unsigned mismatch
C:\Program Files\Microsoft Visual Studio\2022\Enterprise\VC\Tools\MSVC\14.34.31933\include\atomic(300,9): warning C4365: 'argument': conversion from 'long' to 'unsigned int', signed/unsigned mismatch
C:\Program Files\Microsoft Visual Studio\2022\Enterprise\VC\Tools\MSVC\14.34.31933\include\atomic(316,9): warning C4365: 'argument': conversion from 'long' to 'unsigned int', signed/unsigned mismatch
C:\Users\mikai\OneDrive\Bureaublad\2022-2023\Semester2\00_PROG2\Assignment\Code Files\Engine\myUtils.cpp(42,17): warning C5219: implicit conversion from 'int' to 'const float', possible loss of data
C:\Users\mikai\OneDrive\Bureaublad\2022-2023\Semester2\00_PROG2\Assignment\Code Files\Engine\myUtils.cpp(48,19): warning C5219: implicit conversion from 'int' to 'float', possible loss of data
C:\Users\mikai\OneDrive\Bureaublad\2022-2023\Semester2\00_PROG2\Assignment\Code Files\Engine\myUtils.cpp(48,31): warning C5219: implicit conversion from 'int' to 'float', possible loss of data
C:\Users\mikai\OneDrive\Bureaublad\2022-2023\Semester2\00_PROG2\Assignment\Code Files\Engine\myUtils.cpp(48,43): warning C5219: implicit conversion from 'int' to 'float', possible loss of data
C:\Users\mikai\OneDrive\Bureaublad\2022-2023\Semester2\00_PROG2\Assignment\Code Files\Engine\myUtils.cpp(48,55): warning C5219: implicit conversion from 'int' to 'float', possible loss of data
C:\Program Files\Microsoft Visual Studio\2022\Enterprise\VC\Tools\MSVC\14.34.31933\include\xthreads.h(44,30): warning C5264: '_Mtx_internal_imp_alignment': 'const' variable is not used
C:\Program Files\Microsoft Visual Studio\2022\Enterprise\VC\Tools\MSVC\14.34.31933\include\xthreads.h(45,30): warning C5264: '_Cnd_internal_imp_size': 'const' variable is not used
C:\Program Files\Microsoft Visual Studio\2022\Enterprise\VC\Tools\MSVC\14.34.31933\include\xthreads.h(43,30): warning C5264: '_Mtx_internal_imp_size': 'const' variable is not used
C:\Program Files\Microsoft Visual Studio\2022\Enterprise\VC\Tools\MSVC\14.34.31933\include\xthreads.h(46,30): warning C5264: '_Cnd_internal_imp_alignment': 'const' variable is not used
C:\Program Files\Microsoft Visual Studio\2022\Enterprise\VC\Tools\MSVC\14.34.31933\include\utility(127,39): warning C5264: 'std::allocator_arg': 'const' variable is not used
C:\Program Files\Microsoft Visual Studio\2022\Enterprise\VC\Tools\MSVC\14.34.31933\include\typeinfo(28,27): warning C5264: 'std::_Small_object_num_ptrs': 'const' variable is not used
C:\Program Files\Microsoft Visual Studio\2022\Enterprise\VC\Tools\MSVC\14.34.31933\include\system_error(44,28): warning C5264: 'std::is_error_code_enum_v<int>': 'const' variable is not used
C:\Program Files\Microsoft Visual Studio\2022\Enterprise\VC\Tools\MSVC\14.34.31933\include\system_error(44,28): warning C5264: 'std::is_error_code_enum_v<std::error_condition>': 'const' variable is not used
C:\Program Files\Microsoft Visual Studio\2022\Enterprise\VC\Tools\MSVC\14.34.31933\include\system_error(44,28): warning C5264: 'std::is_error_code_enum_v<std::error_code>': 'const' variable is not used
C:\Program Files\Microsoft Visual Studio\2022\Enterprise\VC\Tools\MSVC\14.34.31933\include\system_error(44,28): warning C5264: 'std::is_error_code_enum_v<std::system_error>': 'const' variable is not used
C:\Program Files\Microsoft Visual Studio\2022\Enterprise\VC\Tools\MSVC\14.34.31933\include\xtr1common(179,28): warning C5264: 'std::is_integral_v<double>': 'const' variable is not used
C:\Program Files\Microsoft Visual Studio\2022\Enterprise\VC\Tools\MSVC\14.34.31933\include\xutility(812,28): warning C5264: 'std::?$_Is_iterator_v@$RBAAB@$$Yvoid_t@std@@$std:?$iterator_traits@$RBAAB@:iterator_category:<char*,void>': 'const' variable is not used
C:\Program Files\Microsoft Visual Studio\2022\Enterprise\VC\Tools\MSVC\14.34.31933\include\xutility(812,28): warning C5264: 'std::?$_Is_iterator_v@$RBAAB@$$Yvoid_t@std@@$std:?$iterator_traits@$RBAAB@:iterator_category:<wchar_t*,void>': 'const' variable is not used
C:\Program Files\Microsoft Visual Studio\2022\Enterprise\VC\Tools\MSVC\14.34.31933\include\xtr1common(196,28): warning C5264: 'std::is_arithmetic_v<double>': 'const' variable is not used
C:\Program Files\Microsoft Visual Studio\2022\Enterprise\VC\Tools\MSVC\14.34.31933\include\type_traits(667,28): warning C5264: 'std::is_move_constructible_v<std::default_delete<std::_Facet_base>>': 'const' variable is not used
C:\Program Files\Microsoft Visual Studio\2022\Enterprise\VC\Tools\MSVC\14.34.31933\include\utility(114,45): warning C5264: 'std::piecewise_construct': 'const' variable is not used
  utils.cpp
C:\Program Files (x86)\Windows Kits\10\Include\10.0.19041.0\um\winbase.h(7679,48): warning C5039: 'TpSetCallbackCleanupGroup': pointer or reference to potentially throwing function passed to 'extern "C"' function under -EHc. Undefined behavior may occur if this function throws an exception.
C:\Program Files\Microsoft Visual Studio\2022\Enterprise\VC\Tools\MSVC\14.34.31933\include\xmemory(154,5): warning C4365: 'argument': conversion from 'long' to 'unsigned int', signed/unsigned mismatch
C:\Program Files\Microsoft Visual Studio\2022\Enterprise\VC\Tools\MSVC\14.34.31933\include\xmemory(164,5): warning C4365: 'argument': conversion from 'long' to 'unsigned int', signed/unsigned mismatch
C:\Program Files\Microsoft Visual Studio\2022\Enterprise\VC\Tools\MSVC\14.34.31933\include\atomic(93,9): warning C4365: 'argument': conversion from 'long' to 'unsigned int', signed/unsigned mismatch
C:\Program Files\Microsoft Visual Studio\2022\Enterprise\VC\Tools\MSVC\14.34.31933\include\atomic(300,9): warning C4365: 'argument': conversion from 'long' to 'unsigned int', signed/unsigned mismatch
C:\Program Files\Microsoft Visual Studio\2022\Enterprise\VC\Tools\MSVC\14.34.31933\include\atomic(316,9): warning C4365: 'argument': conversion from 'long' to 'unsigned int', signed/unsigned mismatch
C:\Program Files\Microsoft Visual Studio\2022\Enterprise\VC\Tools\MSVC\14.34.31933\include\xthreads.h(44,30): warning C5264: '_Mtx_internal_imp_alignment': 'const' variable is not used
C:\Program Files\Microsoft Visual Studio\2022\Enterprise\VC\Tools\MSVC\14.34.31933\include\xthreads.h(45,30): warning C5264: '_Cnd_internal_imp_size': 'const' variable is not used
C:\Program Files\Microsoft Visual Studio\2022\Enterprise\VC\Tools\MSVC\14.34.31933\include\xthreads.h(43,30): warning C5264: '_Mtx_internal_imp_size': 'const' variable is not used
C:\Program Files\Microsoft Visual Studio\2022\Enterprise\VC\Tools\MSVC\14.34.31933\include\xthreads.h(46,30): warning C5264: '_Cnd_internal_imp_alignment': 'const' variable is not used
C:\Program Files\Microsoft Visual Studio\2022\Enterprise\VC\Tools\MSVC\14.34.31933\include\utility(127,39): warning C5264: 'std::allocator_arg': 'const' variable is not used
C:\Program Files\Microsoft Visual Studio\2022\Enterprise\VC\Tools\MSVC\14.34.31933\include\typeinfo(28,27): warning C5264: 'std::_Small_object_num_ptrs': 'const' variable is not used
C:\Program Files\Microsoft Visual Studio\2022\Enterprise\VC\Tools\MSVC\14.34.31933\include\system_error(44,28): warning C5264: 'std::is_error_code_enum_v<int>': 'const' variable is not used
C:\Program Files\Microsoft Visual Studio\2022\Enterprise\VC\Tools\MSVC\14.34.31933\include\system_error(44,28): warning C5264: 'std::is_error_code_enum_v<std::error_condition>': 'const' variable is not used
C:\Program Files\Microsoft Visual Studio\2022\Enterprise\VC\Tools\MSVC\14.34.31933\include\system_error(44,28): warning C5264: 'std::is_error_code_enum_v<std::error_code>': 'const' variable is not used
C:\Program Files\Microsoft Visual Studio\2022\Enterprise\VC\Tools\MSVC\14.34.31933\include\system_error(44,28): warning C5264: 'std::is_error_code_enum_v<std::system_error>': 'const' variable is not used
C:\Program Files\Microsoft Visual Studio\2022\Enterprise\VC\Tools\MSVC\14.34.31933\include\xtr1common(179,28): warning C5264: 'std::is_integral_v<double>': 'const' variable is not used
C:\Program Files\Microsoft Visual Studio\2022\Enterprise\VC\Tools\MSVC\14.34.31933\include\xtr1common(179,28): warning C5264: 'std::is_integral_v<float>': 'const' variable is not used
C:\Program Files\Microsoft Visual Studio\2022\Enterprise\VC\Tools\MSVC\14.34.31933\include\xutility(812,28): warning C5264: 'std::?$_Is_iterator_v@$RBAAB@$$Yvoid_t@std@@$std:?$iterator_traits@$RBAAB@:iterator_category:<char*,void>': 'const' variable is not used
C:\Program Files\Microsoft Visual Studio\2022\Enterprise\VC\Tools\MSVC\14.34.31933\include\xutility(812,28): warning C5264: 'std::?$_Is_iterator_v@$RBAAB@$$Yvoid_t@std@@$std:?$iterator_traits@$RBAAB@:iterator_category:<wchar_t*,void>': 'const' variable is not used
C:\Program Files\Microsoft Visual Studio\2022\Enterprise\VC\Tools\MSVC\14.34.31933\include\xutility(330,28): warning C5264: 'std::_Pass_functor_by_value_v<utils::Raycast::<lambda_1>>': 'const' variable is not used
C:\Program Files\Microsoft Visual Studio\2022\Enterprise\VC\Tools\MSVC\14.34.31933\include\xtr1common(196,28): warning C5264: 'std::is_arithmetic_v<double>': 'const' variable is not used
C:\Program Files\Microsoft Visual Studio\2022\Enterprise\VC\Tools\MSVC\14.34.31933\include\type_traits(667,28): warning C5264: 'std::is_move_constructible_v<std::default_delete<std::_Facet_base>>': 'const' variable is not used
C:\Program Files\Microsoft Visual Studio\2022\Enterprise\VC\Tools\MSVC\14.34.31933\include\utility(114,45): warning C5264: 'std::piecewise_construct': 'const' variable is not used
C:\Program Files\Microsoft Visual Studio\2022\Enterprise\VC\Tools\MSVC\14.34.31933\include\limits(1197,16): warning C5264: 'std::_Is_standard_unsigned_integer<std::_Vbase>': 'const' variable is not used
  Generating Code...
C:\Users\mikai\OneDrive\Bureaublad\2022-2023\Semester2\00_PROG2\Assignment\Code Files\Engine\utils.cpp(37): warning C5045: Compiler will insert Spectre mitigation for memory load if /Qspectre switch specified
C:\Users\mikai\OneDrive\Bureaublad\2022-2023\Semester2\00_PROG2\Assignment\Code Files\Engine\utils.cpp(35): message : index 'idx' range checked by comparison on this line
C:\Users\mikai\OneDrive\Bureaublad\2022-2023\Semester2\00_PROG2\Assignment\Code Files\Engine\utils.cpp(37): message : feeds call on this line
C:\Users\mikai\OneDrive\Bureaublad\2022-2023\Semester2\00_PROG2\Assignment\Code Files\Engine\utils.cpp(119): warning C5045: Compiler will insert Spectre mitigation for memory load if /Qspectre switch specified
C:\Users\mikai\OneDrive\Bureaublad\2022-2023\Semester2\00_PROG2\Assignment\Code Files\Engine\utils.cpp(111): message : index 'height' range checked by comparison on this line
C:\Users\mikai\OneDrive\Bureaublad\2022-2023\Semester2\00_PROG2\Assignment\Code Files\Engine\utils.cpp(119): message : feeds call on this line
C:\Users\mikai\OneDrive\Bureaublad\2022-2023\Semester2\00_PROG2\Assignment\Code Files\Engine\utils.cpp(93): warning C5045: Compiler will insert Spectre mitigation for memory load if /Qspectre switch specified
C:\Users\mikai\OneDrive\Bureaublad\2022-2023\Semester2\00_PROG2\Assignment\Code Files\Engine\utils.cpp(84): message : index 'height' range checked by comparison on this line
C:\Users\mikai\OneDrive\Bureaublad\2022-2023\Semester2\00_PROG2\Assignment\Code Files\Engine\utils.cpp(93): message : feeds call on this line
C:\Users\mikai\OneDrive\Bureaublad\2022-2023\Semester2\00_PROG2\Assignment\Code Files\Engine\utils.cpp(147): warning C5045: Compiler will insert Spectre mitigation for memory load if /Qspectre switch specified
C:\Users\mikai\OneDrive\Bureaublad\2022-2023\Semester2\00_PROG2\Assignment\Code Files\Engine\utils.cpp(145): message : index 'angle' range checked by comparison on this line
C:\Users\mikai\OneDrive\Bureaublad\2022-2023\Semester2\00_PROG2\Assignment\Code Files\Engine\utils.cpp(147): message : feeds call on this line
C:\Users\mikai\OneDrive\Bureaublad\2022-2023\Semester2\00_PROG2\Assignment\Code Files\Engine\utils.cpp(142): warning C5045: Compiler will insert Spectre mitigation for memory load if /Qspectre switch specified
C:\Users\mikai\OneDrive\Bureaublad\2022-2023\Semester2\00_PROG2\Assignment\Code Files\Engine\utils.cpp(137): message : index 'lineWidth' range checked by comparison on this line
C:\Users\mikai\OneDrive\Bureaublad\2022-2023\Semester2\00_PROG2\Assignment\Code Files\Engine\utils.cpp(142): message : feeds call on this line
C:\Users\mikai\OneDrive\Bureaublad\2022-2023\Semester2\00_PROG2\Assignment\Code Files\Engine\utils.cpp(175): warning C5045: Compiler will insert Spectre mitigation for memory load if /Qspectre switch specified
C:\Users\mikai\OneDrive\Bureaublad\2022-2023\Semester2\00_PROG2\Assignment\Code Files\Engine\utils.cpp(173): message : index 'angle' range checked by comparison on this line
C:\Users\mikai\OneDrive\Bureaublad\2022-2023\Semester2\00_PROG2\Assignment\Code Files\Engine\utils.cpp(175): message : feeds call on this line
C:\Users\mikai\OneDrive\Bureaublad\2022-2023\Semester2\00_PROG2\Assignment\Code Files\Engine\utils.cpp(206): warning C5045: Compiler will insert Spectre mitigation for memory load if /Qspectre switch specified
C:\Users\mikai\OneDrive\Bureaublad\2022-2023\Semester2\00_PROG2\Assignment\Code Files\Engine\utils.cpp(204): message : index 'angle' range checked by comparison on this line
C:\Users\mikai\OneDrive\Bureaublad\2022-2023\Semester2\00_PROG2\Assignment\Code Files\Engine\utils.cpp(206): message : feeds call on this line
C:\Users\mikai\OneDrive\Bureaublad\2022-2023\Semester2\00_PROG2\Assignment\Code Files\Engine\utils.cpp(273): warning C5045: Compiler will insert Spectre mitigation for memory load if /Qspectre switch specified
C:\Users\mikai\OneDrive\Bureaublad\2022-2023\Semester2\00_PROG2\Assignment\Code Files\Engine\utils.cpp(271): message : index 'idx' range checked by comparison on this line
C:\Users\mikai\OneDrive\Bureaublad\2022-2023\Semester2\00_PROG2\Assignment\Code Files\Engine\utils.cpp(273): message : feeds call on this line
C:\Users\mikai\OneDrive\Bureaublad\2022-2023\Semester2\00_PROG2\Assignment\Code Files\Engine\utils.cpp(256): warning C5045: Compiler will insert Spectre mitigation for memory load if /Qspectre switch specified
C:\Users\mikai\OneDrive\Bureaublad\2022-2023\Semester2\00_PROG2\Assignment\Code Files\Engine\utils.cpp(254): message : index 'idx' range checked by comparison on this line
C:\Users\mikai\OneDrive\Bureaublad\2022-2023\Semester2\00_PROG2\Assignment\Code Files\Engine\utils.cpp(256): message : feeds call on this line
C:\Users\mikai\OneDrive\Bureaublad\2022-2023\Semester2\00_PROG2\Assignment\Code Files\Engine\utils.cpp(232): warning C5045: Compiler will insert Spectre mitigation for memory load if /Qspectre switch specified
C:\Users\mikai\OneDrive\Bureaublad\2022-2023\Semester2\00_PROG2\Assignment\Code Files\Engine\utils.cpp(230): message : index 'angle' range checked by comparison on this line
C:\Users\mikai\OneDrive\Bureaublad\2022-2023\Semester2\00_PROG2\Assignment\Code Files\Engine\utils.cpp(232): message : feeds call on this line
C:\Users\mikai\OneDrive\Bureaublad\2022-2023\Semester2\00_PROG2\Assignment\Code Files\Engine\utils.cpp(402): warning C5045: Compiler will insert Spectre mitigation for memory load if /Qspectre switch specified
C:\Users\mikai\OneDrive\Bureaublad\2022-2023\Semester2\00_PROG2\Assignment\Code Files\Engine\utils.cpp(400): message : index 'i' range checked by comparison on this line
C:\Users\mikai\OneDrive\Bureaublad\2022-2023\Semester2\00_PROG2\Assignment\Code Files\Engine\utils.cpp(402): message : feeds call on this line
C:\Users\mikai\OneDrive\Bureaublad\2022-2023\Semester2\00_PROG2\Assignment\Code Files\Engine\utils.cpp(393): warning C5045: Compiler will insert Spectre mitigation for memory load if /Qspectre switch specified
C:\Users\mikai\OneDrive\Bureaublad\2022-2023\Semester2\00_PROG2\Assignment\Code Files\Engine\utils.cpp(391): message : index 'i' range checked by comparison on this line
C:\Users\mikai\OneDrive\Bureaublad\2022-2023\Semester2\00_PROG2\Assignment\Code Files\Engine\utils.cpp(393): message : feeds call on this line
C:\Users\mikai\OneDrive\Bureaublad\2022-2023\Semester2\00_PROG2\Assignment\Code Files\Engine\utils.cpp(466): warning C5045: Compiler will insert Spectre mitigation for memory load if /Qspectre switch specified
C:\Users\mikai\OneDrive\Bureaublad\2022-2023\Semester2\00_PROG2\Assignment\Code Files\Engine\utils.cpp(464): message : index 'i' range checked by comparison on this line
C:\Users\mikai\OneDrive\Bureaublad\2022-2023\Semester2\00_PROG2\Assignment\Code Files\Engine\utils.cpp(466): message : feeds call on this line
C:\Users\mikai\OneDrive\Bureaublad\2022-2023\Semester2\00_PROG2\Assignment\Code Files\Engine\SVGParser.cpp(56): warning C5045: Compiler will insert Spectre mitigation for memory load if /Qspectre switch specified
C:\Users\mikai\OneDrive\Bureaublad\2022-2023\Semester2\00_PROG2\Assignment\Code Files\Engine\SVGParser.cpp(53): message : index 'i' range checked by comparison on this line
C:\Users\mikai\OneDrive\Bureaublad\2022-2023\Semester2\00_PROG2\Assignment\Code Files\Engine\SVGParser.cpp(56): message : feeds call on this line
C:\Users\mikai\OneDrive\Bureaublad\2022-2023\Semester2\00_PROG2\Assignment\Code Files\Engine\Matrix2x3.cpp(52): warning C5045: Compiler will insert Spectre mitigation for memory load if /Qspectre switch specified
C:\Users\mikai\OneDrive\Bureaublad\2022-2023\Semester2\00_PROG2\Assignment\Code Files\Engine\Matrix2x3.cpp(50): message : index 'idx' range checked by comparison on this line
C:\Users\mikai\OneDrive\Bureaublad\2022-2023\Semester2\00_PROG2\Assignment\Code Files\Engine\Matrix2x3.cpp(52): message : feeds call on this line
C:\Users\mikai\OneDrive\Bureaublad\2022-2023\Semester2\00_PROG2\Assignment\Code Files\Engine\Matrix2x3.cpp(67): warning C5045: Compiler will insert Spectre mitigation for memory load if /Qspectre switch specified
C:\Users\mikai\OneDrive\Bureaublad\2022-2023\Semester2\00_PROG2\Assignment\Code Files\Engine\Matrix2x3.cpp(65): message : index 'idx' range checked by comparison on this line
C:\Users\mikai\OneDrive\Bureaublad\2022-2023\Semester2\00_PROG2\Assignment\Code Files\Engine\Matrix2x3.cpp(67): message : feeds call on this line
  Engine.vcxproj -> C:\Users\mikai\OneDrive\Bureaublad\2022-2023\Semester2\00_PROG2\Assignment\Code Files\x64\Debug\Engine.lib
