c:\users\mikai\onedrive\bureaublad\2022-2023\semester2\00_prog2\assignment\code files\x64\debug\engine.pdb
c:\users\mikai\onedrive\bureaublad\2022-2023\semester2\00_prog2\assignment\code files\x64\debug\engine.idb
c:\users\mikai\onedrive\bureaublad\2022-2023\semester2\00_prog2\assignment\code files\engine\x64\debug\vector2f.obj
c:\users\mikai\onedrive\bureaublad\2022-2023\semester2\00_prog2\assignment\code files\engine\x64\debug\utils.obj
c:\users\mikai\onedrive\bureaublad\2022-2023\semester2\00_prog2\assignment\code files\engine\x64\debug\texture.obj
c:\users\mikai\onedrive\bureaublad\2022-2023\semester2\00_prog2\assignment\code files\engine\x64\debug\svgparser.obj
c:\users\mikai\onedrive\bureaublad\2022-2023\semester2\00_prog2\assignment\code files\engine\x64\debug\structs.obj
c:\users\mikai\onedrive\bureaublad\2022-2023\semester2\00_prog2\assignment\code files\engine\x64\debug\soundstream.obj
c:\users\mikai\onedrive\bureaublad\2022-2023\semester2\00_prog2\assignment\code files\engine\x64\debug\soundeffect.obj
c:\users\mikai\onedrive\bureaublad\2022-2023\semester2\00_prog2\assignment\code files\engine\x64\debug\myutils.obj
c:\users\mikai\onedrive\bureaublad\2022-2023\semester2\00_prog2\assignment\code files\engine\x64\debug\mystructs.obj
c:\users\mikai\onedrive\bureaublad\2022-2023\semester2\00_prog2\assignment\code files\engine\x64\debug\matrix2x3.obj
c:\users\mikai\onedrive\bureaublad\2022-2023\semester2\00_prog2\assignment\code files\engine\x64\debug\basegame.obj
c:\users\mikai\onedrive\bureaublad\2022-2023\semester2\00_prog2\assignment\code files\engine\x64\debug\sprite.obj
c:\users\mikai\onedrive\bureaublad\2022-2023\semester2\00_prog2\assignment\code files\engine\x64\debug\simplesprite.obj
c:\users\mikai\onedrive\bureaublad\2022-2023\semester2\00_prog2\assignment\code files\engine\x64\debug\rigidbody.obj
c:\users\mikai\onedrive\bureaublad\2022-2023\semester2\00_prog2\assignment\code files\engine\x64\debug\avatar.obj
c:\users\mikai\onedrive\bureaublad\2022-2023\semester2\00_prog2\assignment\code files\engine\x64\debug\animatedsprite.obj
c:\users\mikai\onedrive\bureaublad\2022-2023\semester2\00_prog2\assignment\code files\x64\debug\engine.lib
c:\users\mikai\onedrive\bureaublad\2022-2023\semester2\00_prog2\assignment\code files\engine\x64\debug\engine.tlog\cl.command.1.tlog
c:\users\mikai\onedrive\bureaublad\2022-2023\semester2\00_prog2\assignment\code files\engine\x64\debug\engine.tlog\cl.read.1.tlog
c:\users\mikai\onedrive\bureaublad\2022-2023\semester2\00_prog2\assignment\code files\engine\x64\debug\engine.tlog\cl.write.1.tlog
c:\users\mikai\onedrive\bureaublad\2022-2023\semester2\00_prog2\assignment\code files\engine\x64\debug\engine.tlog\lib-link.read.1.tlog
c:\users\mikai\onedrive\bureaublad\2022-2023\semester2\00_prog2\assignment\code files\engine\x64\debug\engine.tlog\lib-link.write.1.tlog
c:\users\mikai\onedrive\bureaublad\2022-2023\semester2\00_prog2\assignment\code files\engine\x64\debug\engine.tlog\lib.command.1.tlog
