c:\users\mikai\onedrive\bureaublad\2022-2023\semester2\00_prog2\assignment\code files\castlevania\x64\debug\castlevania.pch
c:\users\mikai\onedrive\bureaublad\2022-2023\semester2\00_prog2\assignment\code files\castlevania\x64\debug\vc143.pdb
c:\users\mikai\onedrive\bureaublad\2022-2023\semester2\00_prog2\assignment\code files\castlevania\x64\debug\vc143.idb
c:\users\mikai\onedrive\bureaublad\2022-2023\semester2\00_prog2\assignment\code files\castlevania\x64\debug\bat.obj
c:\users\mikai\onedrive\bureaublad\2022-2023\semester2\00_prog2\assignment\code files\castlevania\x64\debug\camera.obj
c:\users\mikai\onedrive\bureaublad\2022-2023\semester2\00_prog2\assignment\code files\castlevania\x64\debug\enemy.obj
c:\users\mikai\onedrive\bureaublad\2022-2023\semester2\00_prog2\assignment\code files\castlevania\x64\debug\gameobject.obj
c:\users\mikai\onedrive\bureaublad\2022-2023\semester2\00_prog2\assignment\code files\castlevania\x64\debug\level.obj
c:\users\mikai\onedrive\bureaublad\2022-2023\semester2\00_prog2\assignment\code files\castlevania\x64\debug\player.obj
c:\users\mikai\onedrive\bureaublad\2022-2023\semester2\00_prog2\assignment\code files\castlevania\x64\debug\game.obj
c:\users\mikai\onedrive\bureaublad\2022-2023\semester2\00_prog2\assignment\code files\castlevania\x64\debug\main.obj
c:\users\mikai\onedrive\bureaublad\2022-2023\semester2\00_prog2\assignment\code files\castlevania\x64\debug\pch.obj
c:\users\mikai\onedrive\bureaublad\2022-2023\semester2\00_prog2\assignment\code files\castlevania\x64\debug\rangedskeleton.obj
c:\users\mikai\onedrive\bureaublad\2022-2023\semester2\00_prog2\assignment\code files\castlevania\x64\debug\room.obj
c:\users\mikai\onedrive\bureaublad\2022-2023\semester2\00_prog2\assignment\code files\castlevania\x64\debug\skeleton.obj
c:\users\mikai\onedrive\bureaublad\2022-2023\semester2\00_prog2\assignment\code files\castlevania\x64\debug\swordskeleton.obj
c:\users\mikai\onedrive\bureaublad\2022-2023\semester2\00_prog2\assignment\code files\x64\debug\castlevania.exe
c:\users\mikai\onedrive\bureaublad\2022-2023\semester2\00_prog2\assignment\code files\castlevania\x64\debug\castlevania.ilk
c:\users\mikai\onedrive\bureaublad\2022-2023\semester2\00_prog2\assignment\code files\x64\debug\castlevania.pdb
c:\users\mikai\onedrive\bureaublad\2022-2023\semester2\00_prog2\assignment\code files\castlevania\x64\debug\castlevania.tlog\cl.command.1.tlog
c:\users\mikai\onedrive\bureaublad\2022-2023\semester2\00_prog2\assignment\code files\castlevania\x64\debug\castlevania.tlog\cl.read.1.tlog
c:\users\mikai\onedrive\bureaublad\2022-2023\semester2\00_prog2\assignment\code files\castlevania\x64\debug\castlevania.tlog\cl.write.1.tlog
c:\users\mikai\onedrive\bureaublad\2022-2023\semester2\00_prog2\assignment\code files\castlevania\x64\debug\castlevania.tlog\link.command.1.tlog
c:\users\mikai\onedrive\bureaublad\2022-2023\semester2\00_prog2\assignment\code files\castlevania\x64\debug\castlevania.tlog\link.read.1.tlog
c:\users\mikai\onedrive\bureaublad\2022-2023\semester2\00_prog2\assignment\code files\castlevania\x64\debug\castlevania.tlog\link.write.1.tlog
